# JRE version: 7.0_15-b03
# Java VM: Java HotSpot(TM) Client VM (23.7-b01 mixed mode, sharing windows-x86 )
Heap
 def new generation   total 14848K, used 8120K [0x23f60000, 0x24f70000, 0x294b0000)
  eden space 13248K,  56% used [0x23f60000, 0x246ac0a0, 0x24c50000)
  from space 1600K,  40% used [0x24de0000, 0x24e82160, 0x24f70000)
  to   space 1600K,   0% used [0x24c50000, 0x24c50000, 0x24de0000)
 tenured generation   total 61944K, used 59466K [0x294b0000, 0x2d12e000, 0x33f60000)
   the space 61944K,  95% used [0x294b0000, 0x2cec28d8, 0x2cec2a00, 0x2d12e000)
 compacting perm gen  total 12288K, used 4612K [0x33f60000, 0x34b60000, 0x37f60000)
   the space 12288K,  37% used [0x33f60000, 0x343e1208, 0x343e1400, 0x34b60000)
    ro space 10240K,  45% used [0x37f60000, 0x383e7290, 0x383e7400, 0x38960000)
    rw space 12288K,  54% used [0x38960000, 0x38feace8, 0x38feae00, 0x39560000)
GC Heap History (10 events):
Event: 1.201 GC heap before
{Heap before GC invocations=5 (full 2):
 def new generation   total 14848K, used 13248K [0x23f60000, 0x24f70000, 0x294b0000)
  eden space 13248K, 100% used [0x23f60000, 0x24c50000, 0x24c50000)
  from space 1600K,   0% used [0x24c50000, 0x24c50000, 0x24de0000)
  to   space 1600K,   0% used [0x24de0000, 0x24de0000, 0x24f70000)
 tenured generation   total 32744K, used 19645K [0x294b0000, 0x2b4aa000, 0x33f60000)
   the space 32744K,  59% used [0x294b0000, 0x2a7df5c8, 0x2a7df600, 0x2b4aa000)
 compacting perm gen  total 12288K, used 3786K [0x33f60000, 0x34b60000, 0x37f60000)
   the space 12288K,  30% used [0x33f60000, 0x343129f0, 0x34312a00, 0x34b60000)
    ro space 10240K,  45% used [0x37f60000, 0x383e7290, 0x383e7400, 0x38960000)
    rw space 12288K,  54% used [0x38960000, 0x38feace8, 0x38feae00, 0x39560000)
Event: 1.211 GC heap after
Heap after GC invocations=6 (full 2):
 def new generation   total 14848K, used 5K [0x23f60000, 0x24f70000, 0x294b0000)
  eden space 13248K,   0% used [0x23f60000, 0x23f60000, 0x24c50000)
  from space 1600K,   0% used [0x24de0000, 0x24de1788, 0x24f70000)
  to   space 1600K,   0% used [0x24c50000, 0x24c50000, 0x24de0000)
 tenured generation   total 32744K, used 30665K [0x294b0000, 0x2b4aa000, 0x33f60000)
   the space 32744K,  93% used [0x294b0000, 0x2b2a24c8, 0x2b2a2600, 0x2b4aa000)
 compacting perm gen  total 12288K, used 3786K [0x33f60000, 0x34b60000, 0x37f60000)
   the space 12288K,  30% used [0x33f60000, 0x343129f0, 0x34312a00, 0x34b60000)
    ro space 10240K,  45% used [0x37f60000, 0x383e7290, 0x383e7400, 0x38960000)
    rw space 12288K,  54% used [0x38960000, 0x38feace8, 0x38feae00, 0x39560000)
}
Event: 1.337 GC heap before
{Heap before GC invocations=6 (full 2):
 def new generation   total 14848K, used 10278K [0x23f60000, 0x24f70000, 0x294b0000)
  eden space 13248K,  77% used [0x23f60000, 0x24968338, 0x24c50000)
  from space 1600K,   0% used [0x24de0000, 0x24de1788, 0x24f70000)
  to   space 1600K,   0% used [0x24c50000, 0x24c50000, 0x24de0000)
 tenured generation   total 32744K, used 30665K [0x294b0000, 0x2b4aa000, 0x33f60000)
   the space 32744K,  93% used [0x294b0000, 0x2b2a24c8, 0x2b2a2600, 0x2b4aa000)
 compacting perm gen  total 12288K, used 3807K [0x33f60000, 0x34b60000, 0x37f60000)
   the space 12288K,  30% used [0x33f60000, 0x34317ea8, 0x34318000, 0x34b60000)
    ro space 10240K,  45% used [0x37f60000, 0x383e7290, 0x383e7400, 0x38960000)
    rw space 12288K,  54% used [0x38960000, 0x38feace8, 0x38feae00, 0x39560000)
Event: 1.369 GC heap after
Heap after GC invocations=7 (full 3):
 def new generation   total 14848K, used 0K [0x23f60000, 0x24f70000, 0x294b0000)
  eden space 13248K,   0% used [0x23f60000, 0x23f60000, 0x24c50000)
  from space 1600K,   0% used [0x24c50000, 0x24c50000, 0x24de0000)
  to   space 1600K,   0% used [0x24de0000, 0x24de0000, 0x24f70000)
 tenured generation   total 32744K, used 19242K [0x294b0000, 0x2b4aa000, 0x33f60000)
   the space 32744K,  58% used [0x294b0000, 0x2a77ab10, 0x2a77ac00, 0x2b4aa000)
 compacting perm gen  total 12288K, used 3807K [0x33f60000, 0x34b60000, 0x37f60000)
   the space 12288K,  30% used [0x33f60000, 0x34317ea8, 0x34318000, 0x34b60000)
    ro space 10240K,  45% used [0x37f60000, 0x383e7290, 0x383e7400, 0x38960000)
    rw space 12288K,  54% used [0x38960000, 0x38feace8, 0x38feae00, 0x39560000)
}
Event: 1.393 GC heap before
{Heap before GC invocations=7 (full 3):
 def new generation   total 14848K, used 13248K [0x23f60000, 0x24f70000, 0x294b0000)
  eden space 13248K, 100% used [0x23f60000, 0x24c50000, 0x24c50000)
  from space 1600K,   0% used [0x24c50000, 0x24c50000, 0x24de0000)
  to   space 1600K,   0% used [0x24de0000, 0x24de0000, 0x24f70000)
 tenured generation   total 47304K, used 33799K [0x294b0000, 0x2c2e2000, 0x33f60000)
   the space 47304K,  71% used [0x294b0000, 0x2b5b1ef8, 0x2b5b2000, 0x2c2e2000)
 compacting perm gen  total 12288K, used 3807K [0x33f60000, 0x34b60000, 0x37f60000)
   the space 12288K,  30% used [0x33f60000, 0x34317ec8, 0x34318000, 0x34b60000)
    ro space 10240K,  45% used [0x37f60000, 0x383e7290, 0x383e7400, 0x38960000)
    rw space 12288K,  54% used [0x38960000, 0x38feace8, 0x38feae00, 0x39560000)
Event: 1.404 GC heap after
Heap after GC invocations=8 (full 3):
 def new generation   total 14848K, used 711K [0x23f60000, 0x24f70000, 0x294b0000)
  eden space 13248K,   0% used [0x23f60000, 0x23f60000, 0x24c50000)
  from space 1600K,  44% used [0x24de0000, 0x24e91c90, 0x24f70000)
  to   space 1600K,   0% used [0x24c50000, 0x24c50000, 0x24de0000)
 tenured generation   total 47304K, used 44717K [0x294b0000, 0x2c2e2000, 0x33f60000)
   the space 47304K,  94% used [0x294b0000, 0x2c05b5f0, 0x2c05b600, 0x2c2e2000)
 compacting perm gen  total 12288K, used 3807K [0x33f60000, 0x34b60000, 0x37f60000)
   the space 12288K,  30% used [0x33f60000, 0x34317ec8, 0x34318000, 0x34b60000)
    ro space 10240K,  45% used [0x37f60000, 0x383e7290, 0x383e7400, 0x38960000)
    rw space 12288K,  54% used [0x38960000, 0x38feace8, 0x38feae00, 0x39560000)
}
Event: 1.473 GC heap before
{Heap before GC invocations=8 (full 3):
 def new generation   total 14848K, used 13959K [0x23f60000, 0x24f70000, 0x294b0000)
  eden space 13248K, 100% used [0x23f60000, 0x24c50000, 0x24c50000)
  from space 1600K,  44% used [0x24de0000, 0x24e91c90, 0x24f70000)
  to   space 1600K,   0% used [0x24c50000, 0x24c50000, 0x24de0000)
 tenured generation   total 47304K, used 44717K [0x294b0000, 0x2c2e2000, 0x33f60000)
   the space 47304K,  94% used [0x294b0000, 0x2c05b5f0, 0x2c05b600, 0x2c2e2000)
 compacting perm gen  total 12288K, used 4005K [0x33f60000, 0x34b60000, 0x37f60000)
   the space 12288K,  32% used [0x33f60000, 0x34349690, 0x34349800, 0x34b60000)
    ro space 10240K,  45% used [0x37f60000, 0x383e7290, 0x383e7400, 0x38960000)
    rw space 12288K,  54% used [0x38960000, 0x38feace8, 0x38feae00, 0x39560000)
Event: 1.476 GC heap after
Heap after GC invocations=9 (full 3):
 def new generation   total 14848K, used 1330K [0x23f60000, 0x24f70000, 0x294b0000)
  eden space 13248K,   0% used [0x23f60000, 0x23f60000, 0x24c50000)
  from space 1600K,  83% used [0x24c50000, 0x24d9c848, 0x24de0000)
  to   space 1600K,   0% used [0x24de0000, 0x24de0000, 0x24f70000)
 tenured generation   total 47304K, used 44717K [0x294b0000, 0x2c2e2000, 0x33f60000)
   the space 47304K,  94% used [0x294b0000, 0x2c05b5f0, 0x2c05b600, 0x2c2e2000)
 compacting perm gen  total 12288K, used 4005K [0x33f60000, 0x34b60000, 0x37f60000)
   the space 12288K,  32% used [0x33f60000, 0x34349690, 0x34349800, 0x34b60000)
    ro space 10240K,  45% used [0x37f60000, 0x383e7290, 0x383e7400, 0x38960000)
    rw space 12288K,  54% used [0x38960000, 0x38feace8, 0x38feae00, 0x39560000)
}
Event: 1.542 GC heap before
{Heap before GC invocations=9 (full 3):
 def new generation   total 14848K, used 6677K [0x23f60000, 0x24f70000, 0x294b0000)
  eden space 13248K,  40% used [0x23f60000, 0x24498bc8, 0x24c50000)
  from space 1600K,  83% used [0x24c50000, 0x24d9c848, 0x24de0000)
  to   space 1600K,   0% used [0x24de0000, 0x24de0000, 0x24f70000)
 tenured generation   total 61944K, used 59355K [0x294b0000, 0x2d12e000, 0x33f60000)
   the space 61944K,  95% used [0x294b0000, 0x2cea6e80, 0x2cea7000, 0x2d12e000)
 compacting perm gen  total 12288K, used 4183K [0x33f60000, 0x34b60000, 0x37f60000)
   the space 12288K,  34% used [0x33f60000, 0x34375fc0, 0x34376000, 0x34b60000)
    ro space 10240K,  45% used [0x37f60000, 0x383e7290, 0x383e7400, 0x38960000)
    rw space 12288K,  54% used [0x38960000, 0x38feace8, 0x38feae00, 0x39560000)
Event: 1.544 GC heap after
Heap after GC invocations=10 (full 3):
 def new generation   total 14848K, used 648K [0x23f60000, 0x24f70000, 0x294b0000)
  eden space 13248K,   0% used [0x23f60000, 0x23f60000, 0x24c50000)
  from space 1600K,  40% used [0x24de0000, 0x24e82160, 0x24f70000)
  to   space 1600K,   0% used [0x24c50000, 0x24c50000, 0x24de0000)
 tenured generation   total 61944K, used 59466K [0x294b0000, 0x2d12e000, 0x33f60000)
   the space 61944K,  95% used [0x294b0000, 0x2cec28d8, 0x2cec2a00, 0x2d12e000)
 compacting perm gen  total 12288K, used 4183K [0x33f60000, 0x34b60000, 0x37f60000)
   the space 12288K,  34% used [0x33f60000, 0x34375fc0, 0x34376000, 0x34b60000)
    ro space 10240K,  45% used [0x37f60000, 0x383e7290, 0x383e7400, 0x38960000)
    rw space 12288K,  54% used [0x38960000, 0x38feace8, 0x38feae00, 0x39560000)
}

