# JRE version: 7.0_15-b03
# Java VM: Java HotSpot(TM) Client VM (23.7-b01 mixed mode, sharing windows-x86 )
Heap
 def new generation   total 24832K, used 2143K [0x23f60000, 0x25a50000, 0x294b0000)
  eden space 22080K,   6% used [0x23f60000, 0x240d9af0, 0x254f0000)
  from space 2752K,  23% used [0x257a0000, 0x2583e508, 0x25a50000)
  to   space 2752K,   0% used [0x254f0000, 0x254f0000, 0x257a0000)
 tenured generation   total 55092K, used 47691K [0x294b0000, 0x2ca7d000, 0x33f60000)
   the space 55092K,  86% used [0x294b0000, 0x2c342e78, 0x2c343000, 0x2ca7d000)
 compacting perm gen  total 12288K, used 4611K [0x33f60000, 0x34b60000, 0x37f60000)
   the space 12288K,  37% used [0x33f60000, 0x343e0c70, 0x343e0e00, 0x34b60000)
    ro space 10240K,  45% used [0x37f60000, 0x383e7290, 0x383e7400, 0x38960000)
    rw space 12288K,  54% used [0x38960000, 0x38feace8, 0x38feae00, 0x39560000)
GC Heap History (10 events):
Event: 2.380 GC heap before
{Heap before GC invocations=6 (full 2):
 def new generation   total 14848K, used 11065K [0x23f60000, 0x24f70000, 0x294b0000)
  eden space 13248K,  83% used [0x23f60000, 0x24a2d0e0, 0x24c50000)
  from space 1600K,   0% used [0x24de0000, 0x24de1700, 0x24f70000)
  to   space 1600K,   0% used [0x24c50000, 0x24c50000, 0x24de0000)
 tenured generation   total 32792K, used 30693K [0x294b0000, 0x2b4b6000, 0x33f60000)
   the space 32792K,  93% used [0x294b0000, 0x2b2a97e8, 0x2b2a9800, 0x2b4b6000)
 compacting perm gen  total 12288K, used 3807K [0x33f60000, 0x34b60000, 0x37f60000)
   the space 12288K,  30% used [0x33f60000, 0x34317eb8, 0x34318000, 0x34b60000)
    ro space 10240K,  45% used [0x37f60000, 0x383e7290, 0x383e7400, 0x38960000)
    rw space 12288K,  54% used [0x38960000, 0x38feace8, 0x38feae00, 0x39560000)
Event: 2.411 GC heap after
Heap after GC invocations=7 (full 3):
 def new generation   total 14848K, used 0K [0x23f60000, 0x24f70000, 0x294b0000)
  eden space 13248K,   0% used [0x23f60000, 0x23f60000, 0x24c50000)
  from space 1600K,   0% used [0x24c50000, 0x24c50000, 0x24de0000)
  to   space 1600K,   0% used [0x24de0000, 0x24de0000, 0x24f70000)
 tenured generation   total 32792K, used 19155K [0x294b0000, 0x2b4b6000, 0x33f60000)
   the space 32792K,  58% used [0x294b0000, 0x2a764c88, 0x2a764e00, 0x2b4b6000)
 compacting perm gen  total 12288K, used 3807K [0x33f60000, 0x34b60000, 0x37f60000)
   the space 12288K,  30% used [0x33f60000, 0x34317eb8, 0x34318000, 0x34b60000)
    ro space 10240K,  45% used [0x37f60000, 0x383e7290, 0x383e7400, 0x38960000)
    rw space 12288K,  54% used [0x38960000, 0x38feace8, 0x38feae00, 0x39560000)
}
Event: 2.431 GC heap before
{Heap before GC invocations=7 (full 3):
 def new generation   total 14848K, used 3406K [0x23f60000, 0x24f70000, 0x294b0000)
  eden space 13248K,  25% used [0x23f60000, 0x242b39e0, 0x24c50000)
  from space 1600K,   0% used [0x24c50000, 0x24c50000, 0x24de0000)
  to   space 1600K,   0% used [0x24de0000, 0x24de0000, 0x24f70000)
 tenured generation   total 47352K, used 33712K [0x294b0000, 0x2c2ee000, 0x33f60000)
   the space 47352K,  71% used [0x294b0000, 0x2b59c070, 0x2b59c200, 0x2c2ee000)
 compacting perm gen  total 12288K, used 3807K [0x33f60000, 0x34b60000, 0x37f60000)
   the space 12288K,  30% used [0x33f60000, 0x34317eb8, 0x34318000, 0x34b60000)
    ro space 10240K,  45% used [0x37f60000, 0x383e7290, 0x383e7400, 0x38960000)
    rw space 12288K,  54% used [0x38960000, 0x38feace8, 0x38feae00, 0x39560000)
Event: 2.433 GC heap after
Heap after GC invocations=8 (full 3):
 def new generation   total 14848K, used 1044K [0x23f60000, 0x24f70000, 0x294b0000)
  eden space 13248K,   0% used [0x23f60000, 0x23f60000, 0x24c50000)
  from space 1600K,  65% used [0x24de0000, 0x24ee5308, 0x24f70000)
  to   space 1600K,   0% used [0x24c50000, 0x24c50000, 0x24de0000)
 tenured generation   total 47352K, used 33712K [0x294b0000, 0x2c2ee000, 0x33f60000)
   the space 47352K,  71% used [0x294b0000, 0x2b59c070, 0x2b59c200, 0x2c2ee000)
 compacting perm gen  total 12288K, used 3807K [0x33f60000, 0x34b60000, 0x37f60000)
   the space 12288K,  30% used [0x33f60000, 0x34317eb8, 0x34318000, 0x34b60000)
    ro space 10240K,  45% used [0x37f60000, 0x383e7290, 0x383e7400, 0x38960000)
    rw space 12288K,  54% used [0x38960000, 0x38feace8, 0x38feae00, 0x39560000)
}
Event: 2.443 GC heap before
{Heap before GC invocations=8 (full 3):
 def new generation   total 14848K, used 14292K [0x23f60000, 0x24f70000, 0x294b0000)
  eden space 13248K,  99% used [0x23f60000, 0x24c4fdc8, 0x24c50000)
  from space 1600K,  65% used [0x24de0000, 0x24ee5308, 0x24f70000)
  to   space 1600K,   0% used [0x24c50000, 0x24c50000, 0x24de0000)
 tenured generation   total 47352K, used 33712K [0x294b0000, 0x2c2ee000, 0x33f60000)
   the space 47352K,  71% used [0x294b0000, 0x2b59c070, 0x2b59c200, 0x2c2ee000)
 compacting perm gen  total 12288K, used 3807K [0x33f60000, 0x34b60000, 0x37f60000)
   the space 12288K,  30% used [0x33f60000, 0x34317eb8, 0x34318000, 0x34b60000)
    ro space 10240K,  45% used [0x37f60000, 0x383e7290, 0x383e7400, 0x38960000)
    rw space 12288K,  54% used [0x38960000, 0x38feace8, 0x38feae00, 0x39560000)
Event: 2.456 GC heap after
Heap after GC invocations=9 (full 3):
 def new generation   total 14848K, used 5K [0x23f60000, 0x24f70000, 0x294b0000)
  eden space 13248K,   0% used [0x23f60000, 0x23f60000, 0x24c50000)
  from space 1600K,   0% used [0x24c50000, 0x24c51690, 0x24de0000)
  to   space 1600K,   0% used [0x24de0000, 0x24de0000, 0x24f70000)
 tenured generation   total 47352K, used 45666K [0x294b0000, 0x2c2ee000, 0x33f60000)
   the space 47352K,  96% used [0x294b0000, 0x2c1488f8, 0x2c148a00, 0x2c2ee000)
 compacting perm gen  total 12288K, used 3807K [0x33f60000, 0x34b60000, 0x37f60000)
   the space 12288K,  30% used [0x33f60000, 0x34317eb8, 0x34318000, 0x34b60000)
    ro space 10240K,  45% used [0x37f60000, 0x383e7290, 0x383e7400, 0x38960000)
    rw space 12288K,  54% used [0x38960000, 0x38feace8, 0x38feae00, 0x39560000)
}
Event: 2.570 GC heap before
{Heap before GC invocations=9 (full 3):
 def new generation   total 14848K, used 12889K [0x23f60000, 0x24f70000, 0x294b0000)
  eden space 13248K,  97% used [0x23f60000, 0x24bf4dc0, 0x24c50000)
  from space 1600K,   0% used [0x24c50000, 0x24c51690, 0x24de0000)
  to   space 1600K,   0% used [0x24de0000, 0x24de0000, 0x24f70000)
 tenured generation   total 47352K, used 45666K [0x294b0000, 0x2c2ee000, 0x33f60000)
   the space 47352K,  96% used [0x294b0000, 0x2c1488f8, 0x2c148a00, 0x2c2ee000)
 compacting perm gen  total 12288K, used 4058K [0x33f60000, 0x34b60000, 0x37f60000)
   the space 12288K,  33% used [0x33f60000, 0x34356b48, 0x34356c00, 0x34b60000)
    ro space 10240K,  45% used [0x37f60000, 0x383e7290, 0x383e7400, 0x38960000)
    rw space 12288K,  54% used [0x38960000, 0x38feace8, 0x38feae00, 0x39560000)
Event: 2.621 GC heap after
Heap after GC invocations=10 (full 4):
 def new generation   total 24832K, used 0K [0x23f60000, 0x25a50000, 0x294b0000)
  eden space 22080K,   0% used [0x23f60000, 0x23f60000, 0x254f0000)
  from space 2752K,   0% used [0x254f0000, 0x254f0000, 0x257a0000)
  to   space 2752K,   0% used [0x257a0000, 0x257a0000, 0x25a50000)
 tenured generation   total 55092K, used 33053K [0x294b0000, 0x2ca7d000, 0x33f60000)
   the space 55092K,  59% used [0x294b0000, 0x2b4f75e8, 0x2b4f7600, 0x2ca7d000)
 compacting perm gen  total 12288K, used 4057K [0x33f60000, 0x34b60000, 0x37f60000)
   the space 12288K,  33% used [0x33f60000, 0x343565c0, 0x34356600, 0x34b60000)
    ro space 10240K,  45% used [0x37f60000, 0x383e7290, 0x383e7400, 0x38960000)
    rw space 12288K,  54% used [0x38960000, 0x38feace8, 0x38feae00, 0x39560000)
}
Event: 2.812 GC heap before
{Heap before GC invocations=10 (full 4):
 def new generation   total 24832K, used 22080K [0x23f60000, 0x25a50000, 0x294b0000)
  eden space 22080K, 100% used [0x23f60000, 0x254f0000, 0x254f0000)
  from space 2752K,   0% used [0x254f0000, 0x254f0000, 0x257a0000)
  to   space 2752K,   0% used [0x257a0000, 0x257a0000, 0x25a50000)
 tenured generation   total 55092K, used 33053K [0x294b0000, 0x2ca7d000, 0x33f60000)
   the space 55092K,  59% used [0x294b0000, 0x2b4f75e8, 0x2b4f7600, 0x2ca7d000)
 compacting perm gen  total 12288K, used 4432K [0x33f60000, 0x34b60000, 0x37f60000)
   the space 12288K,  36% used [0x33f60000, 0x343b4278, 0x343b4400, 0x34b60000)
    ro space 10240K,  45% used [0x37f60000, 0x383e7290, 0x383e7400, 0x38960000)
    rw space 12288K,  54% used [0x38960000, 0x38feace8, 0x38feae00, 0x39560000)
Event: 2.822 GC heap after
Heap after GC invocations=11 (full 4):
 def new generation   total 24832K, used 633K [0x23f60000, 0x25a50000, 0x294b0000)
  eden space 22080K,   0% used [0x23f60000, 0x23f60000, 0x254f0000)
  from space 2752K,  23% used [0x257a0000, 0x2583e508, 0x25a50000)
  to   space 2752K,   0% used [0x254f0000, 0x254f0000, 0x257a0000)
 tenured generation   total 55092K, used 47691K [0x294b0000, 0x2ca7d000, 0x33f60000)
   the space 55092K,  86% used [0x294b0000, 0x2c342e78, 0x2c343000, 0x2ca7d000)
 compacting perm gen  total 12288K, used 4432K [0x33f60000, 0x34b60000, 0x37f60000)
   the space 12288K,  36% used [0x33f60000, 0x343b4278, 0x343b4400, 0x34b60000)
    ro space 10240K,  45% used [0x37f60000, 0x383e7290, 0x383e7400, 0x38960000)
    rw space 12288K,  54% used [0x38960000, 0x38feace8, 0x38feae00, 0x39560000)
}

