# JRE version: 7.0_15-b03
# Java VM: Java HotSpot(TM) Client VM (23.7-b01 mixed mode, sharing windows-x86 )
Heap
 def new generation   total 24640K, used 3706K [0x23f60000, 0x25a10000, 0x294b0000)
  eden space 21952K,  14% used [0x23f60000, 0x24274898, 0x254d0000)
  from space 2688K,  20% used [0x25770000, 0x257fa238, 0x25a10000)
  to   space 2688K,   0% used [0x254d0000, 0x254d0000, 0x25770000)
 tenured generation   total 54504K, used 47340K [0x294b0000, 0x2c9ea000, 0x33f60000)
   the space 54504K,  86% used [0x294b0000, 0x2c2eb160, 0x2c2eb200, 0x2c9ea000)
 compacting perm gen  total 12288K, used 4611K [0x33f60000, 0x34b60000, 0x37f60000)
   the space 12288K,  37% used [0x33f60000, 0x343e0d90, 0x343e0e00, 0x34b60000)
    ro space 10240K,  45% used [0x37f60000, 0x383e7290, 0x383e7400, 0x38960000)
    rw space 12288K,  54% used [0x38960000, 0x38feace8, 0x38feae00, 0x39560000)
GC Heap History (10 events):
Event: 2.531 GC heap before
{Heap before GC invocations=6 (full 2):
 def new generation   total 14848K, used 10338K [0x23f60000, 0x24f70000, 0x294b0000)
  eden space 13248K,  77% used [0x23f60000, 0x24977258, 0x24c50000)
  from space 1600K,   0% used [0x24de0000, 0x24de1868, 0x24f70000)
  to   space 1600K,   0% used [0x24c50000, 0x24c50000, 0x24de0000)
 tenured generation   total 32744K, used 30663K [0x294b0000, 0x2b4aa000, 0x33f60000)
   the space 32744K,  93% used [0x294b0000, 0x2b2a1f88, 0x2b2a2000, 0x2b4aa000)
 compacting perm gen  total 12288K, used 3807K [0x33f60000, 0x34b60000, 0x37f60000)
   the space 12288K,  30% used [0x33f60000, 0x34317f68, 0x34318000, 0x34b60000)
    ro space 10240K,  45% used [0x37f60000, 0x383e7290, 0x383e7400, 0x38960000)
    rw space 12288K,  54% used [0x38960000, 0x38feace8, 0x38feae00, 0x39560000)
Event: 2.566 GC heap after
Heap after GC invocations=7 (full 3):
 def new generation   total 14848K, used 0K [0x23f60000, 0x24f70000, 0x294b0000)
  eden space 13248K,   0% used [0x23f60000, 0x23f60000, 0x24c50000)
  from space 1600K,   0% used [0x24c50000, 0x24c50000, 0x24de0000)
  to   space 1600K,   0% used [0x24de0000, 0x24de0000, 0x24f70000)
 tenured generation   total 32744K, used 18800K [0x294b0000, 0x2b4aa000, 0x33f60000)
   the space 32744K,  57% used [0x294b0000, 0x2a70c110, 0x2a70c200, 0x2b4aa000)
 compacting perm gen  total 12288K, used 3807K [0x33f60000, 0x34b60000, 0x37f60000)
   the space 12288K,  30% used [0x33f60000, 0x34317f68, 0x34318000, 0x34b60000)
    ro space 10240K,  45% used [0x37f60000, 0x383e7290, 0x383e7400, 0x38960000)
    rw space 12288K,  54% used [0x38960000, 0x38feace8, 0x38feae00, 0x39560000)
}
Event: 2.591 GC heap before
{Heap before GC invocations=7 (full 3):
 def new generation   total 14848K, used 13248K [0x23f60000, 0x24f70000, 0x294b0000)
  eden space 13248K, 100% used [0x23f60000, 0x24c50000, 0x24c50000)
  from space 1600K,   0% used [0x24c50000, 0x24c50000, 0x24de0000)
  to   space 1600K,   0% used [0x24de0000, 0x24de0000, 0x24f70000)
 tenured generation   total 47304K, used 33357K [0x294b0000, 0x2c2e2000, 0x33f60000)
   the space 47304K,  70% used [0x294b0000, 0x2b5434f8, 0x2b543600, 0x2c2e2000)
 compacting perm gen  total 12288K, used 3807K [0x33f60000, 0x34b60000, 0x37f60000)
   the space 12288K,  30% used [0x33f60000, 0x34317f88, 0x34318000, 0x34b60000)
    ro space 10240K,  45% used [0x37f60000, 0x383e7290, 0x383e7400, 0x38960000)
    rw space 12288K,  54% used [0x38960000, 0x38feace8, 0x38feae00, 0x39560000)
Event: 2.604 GC heap after
Heap after GC invocations=8 (full 3):
 def new generation   total 14848K, used 711K [0x23f60000, 0x24f70000, 0x294b0000)
  eden space 13248K,   0% used [0x23f60000, 0x23f60000, 0x24c50000)
  from space 1600K,  44% used [0x24de0000, 0x24e91c90, 0x24f70000)
  to   space 1600K,   0% used [0x24c50000, 0x24c50000, 0x24de0000)
 tenured generation   total 47304K, used 44274K [0x294b0000, 0x2c2e2000, 0x33f60000)
   the space 47304K,  93% used [0x294b0000, 0x2bfecbf0, 0x2bfecc00, 0x2c2e2000)
 compacting perm gen  total 12288K, used 3807K [0x33f60000, 0x34b60000, 0x37f60000)
   the space 12288K,  30% used [0x33f60000, 0x34317f88, 0x34318000, 0x34b60000)
    ro space 10240K,  45% used [0x37f60000, 0x383e7290, 0x383e7400, 0x38960000)
    rw space 12288K,  54% used [0x38960000, 0x38feace8, 0x38feae00, 0x39560000)
}
Event: 2.690 GC heap before
{Heap before GC invocations=8 (full 3):
 def new generation   total 14848K, used 13959K [0x23f60000, 0x24f70000, 0x294b0000)
  eden space 13248K, 100% used [0x23f60000, 0x24c50000, 0x24c50000)
  from space 1600K,  44% used [0x24de0000, 0x24e91c90, 0x24f70000)
  to   space 1600K,   0% used [0x24c50000, 0x24c50000, 0x24de0000)
 tenured generation   total 47304K, used 44274K [0x294b0000, 0x2c2e2000, 0x33f60000)
   the space 47304K,  93% used [0x294b0000, 0x2bfecbf0, 0x2bfecc00, 0x2c2e2000)
 compacting perm gen  total 12288K, used 3811K [0x33f60000, 0x34b60000, 0x37f60000)
   the space 12288K,  31% used [0x33f60000, 0x34318d78, 0x34318e00, 0x34b60000)
    ro space 10240K,  45% used [0x37f60000, 0x383e7290, 0x383e7400, 0x38960000)
    rw space 12288K,  54% used [0x38960000, 0x38feace8, 0x38feae00, 0x39560000)
Event: 2.692 GC heap after
Heap after GC invocations=9 (full 3):
 def new generation   total 14848K, used 1056K [0x23f60000, 0x24f70000, 0x294b0000)
  eden space 13248K,   0% used [0x23f60000, 0x23f60000, 0x24c50000)
  from space 1600K,  66% used [0x24c50000, 0x24d581b8, 0x24de0000)
  to   space 1600K,   0% used [0x24de0000, 0x24de0000, 0x24f70000)
 tenured generation   total 47304K, used 44274K [0x294b0000, 0x2c2e2000, 0x33f60000)
   the space 47304K,  93% used [0x294b0000, 0x2bfecbf0, 0x2bfecc00, 0x2c2e2000)
 compacting perm gen  total 12288K, used 3811K [0x33f60000, 0x34b60000, 0x37f60000)
   the space 12288K,  31% used [0x33f60000, 0x34318d78, 0x34318e00, 0x34b60000)
    ro space 10240K,  45% used [0x37f60000, 0x383e7290, 0x383e7400, 0x38960000)
    rw space 12288K,  54% used [0x38960000, 0x38feace8, 0x38feae00, 0x39560000)
}
Event: 2.727 GC heap before
{Heap before GC invocations=9 (full 3):
 def new generation   total 14848K, used 3351K [0x23f60000, 0x24f70000, 0x294b0000)
  eden space 13248K,  17% used [0x23f60000, 0x2419dab0, 0x24c50000)
  from space 1600K,  66% used [0x24c50000, 0x24d581b8, 0x24de0000)
  to   space 1600K,   0% used [0x24de0000, 0x24de0000, 0x24f70000)
 tenured generation   total 47304K, used 44274K [0x294b0000, 0x2c2e2000, 0x33f60000)
   the space 47304K,  93% used [0x294b0000, 0x2bfecbf0, 0x2bfecc00, 0x2c2e2000)
 compacting perm gen  total 12288K, used 3827K [0x33f60000, 0x34b60000, 0x37f60000)
   the space 12288K,  31% used [0x33f60000, 0x3431cd10, 0x3431ce00, 0x34b60000)
    ro space 10240K,  45% used [0x37f60000, 0x383e7290, 0x383e7400, 0x38960000)
    rw space 12288K,  54% used [0x38960000, 0x38feace8, 0x38feae00, 0x39560000)
Event: 2.781 GC heap after
Heap after GC invocations=10 (full 4):
 def new generation   total 24640K, used 0K [0x23f60000, 0x25a10000, 0x294b0000)
  eden space 21952K,   0% used [0x23f60000, 0x23f60000, 0x254d0000)
  from space 2688K,   0% used [0x254d0000, 0x254d0000, 0x25770000)
  to   space 2688K,   0% used [0x25770000, 0x25770000, 0x25a10000)
 tenured generation   total 54504K, used 32702K [0x294b0000, 0x2c9ea000, 0x33f60000)
   the space 54504K,  59% used [0x294b0000, 0x2b49f8d0, 0x2b49fa00, 0x2c9ea000)
 compacting perm gen  total 12288K, used 3825K [0x33f60000, 0x34b60000, 0x37f60000)
   the space 12288K,  31% used [0x33f60000, 0x3431c7d8, 0x3431c800, 0x34b60000)
    ro space 10240K,  45% used [0x37f60000, 0x383e7290, 0x383e7400, 0x38960000)
    rw space 12288K,  54% used [0x38960000, 0x38feace8, 0x38feae00, 0x39560000)
}
Event: 2.960 GC heap before
{Heap before GC invocations=10 (full 4):
 def new generation   total 24640K, used 21952K [0x23f60000, 0x25a10000, 0x294b0000)
  eden space 21952K, 100% used [0x23f60000, 0x254d0000, 0x254d0000)
  from space 2688K,   0% used [0x254d0000, 0x254d0000, 0x25770000)
  to   space 2688K,   0% used [0x25770000, 0x25770000, 0x25a10000)
 tenured generation   total 54504K, used 32702K [0x294b0000, 0x2c9ea000, 0x33f60000)
   the space 54504K,  59% used [0x294b0000, 0x2b49f8d0, 0x2b49fa00, 0x2c9ea000)
 compacting perm gen  total 12288K, used 4189K [0x33f60000, 0x34b60000, 0x37f60000)
   the space 12288K,  34% used [0x33f60000, 0x34377710, 0x34377800, 0x34b60000)
    ro space 10240K,  45% used [0x37f60000, 0x383e7290, 0x383e7400, 0x38960000)
    rw space 12288K,  54% used [0x38960000, 0x38feace8, 0x38feae00, 0x39560000)
Event: 2.972 GC heap after
Heap after GC invocations=11 (full 4):
 def new generation   total 24640K, used 552K [0x23f60000, 0x25a10000, 0x294b0000)
  eden space 21952K,   0% used [0x23f60000, 0x23f60000, 0x254d0000)
  from space 2688K,  20% used [0x25770000, 0x257fa238, 0x25a10000)
  to   space 2688K,   0% used [0x254d0000, 0x254d0000, 0x25770000)
 tenured generation   total 54504K, used 47340K [0x294b0000, 0x2c9ea000, 0x33f60000)
   the space 54504K,  86% used [0x294b0000, 0x2c2eb160, 0x2c2eb200, 0x2c9ea000)
 compacting perm gen  total 12288K, used 4189K [0x33f60000, 0x34b60000, 0x37f60000)
   the space 12288K,  34% used [0x33f60000, 0x34377710, 0x34377800, 0x34b60000)
    ro space 10240K,  45% used [0x37f60000, 0x383e7290, 0x383e7400, 0x38960000)
    rw space 12288K,  54% used [0x38960000, 0x38feace8, 0x38feae00, 0x39560000)
}

