# JRE version: 7.0_15-b03
# Java VM: Java HotSpot(TM) Client VM (23.7-b01 mixed mode, sharing windows-x86 )
Heap
 def new generation   total 27328K, used 7005K [0x23f60000, 0x25d00000, 0x294b0000)
  eden space 24320K,  26% used [0x23f60000, 0x245a3068, 0x25720000)
  from space 3008K,  19% used [0x25a10000, 0x25aa4428, 0x25d00000)
  to   space 3008K,   0% used [0x25720000, 0x25720000, 0x25a10000)
 tenured generation   total 60612K, used 51004K [0x294b0000, 0x2cfe1000, 0x33f60000)
   the space 60612K,  84% used [0x294b0000, 0x2c67f330, 0x2c67f400, 0x2cfe1000)
 compacting perm gen  total 12288K, used 4619K [0x33f60000, 0x34b60000, 0x37f60000)
   the space 12288K,  37% used [0x33f60000, 0x343e2c48, 0x343e2e00, 0x34b60000)
    ro space 10240K,  45% used [0x37f60000, 0x383e7290, 0x383e7400, 0x38960000)
    rw space 12288K,  54% used [0x38960000, 0x38feace8, 0x38feae00, 0x39560000)
GC Heap History (10 events):
Event: 2.196 GC heap before
{Heap before GC invocations=5 (full 2):
 def new generation   total 14784K, used 13182K [0x23f60000, 0x24f60000, 0x294b0000)
  eden space 13184K,  99% used [0x23f60000, 0x24c3f960, 0x24c40000)
  from space 1600K,   0% used [0x24c40000, 0x24c40000, 0x24dd0000)
  to   space 1600K,   0% used [0x24dd0000, 0x24dd0000, 0x24f60000)
 tenured generation   total 32708K, used 19624K [0x294b0000, 0x2b4a1000, 0x33f60000)
   the space 32708K,  59% used [0x294b0000, 0x2a7da030, 0x2a7da200, 0x2b4a1000)
 compacting perm gen  total 12288K, used 3768K [0x33f60000, 0x34b60000, 0x37f60000)
   the space 12288K,  30% used [0x33f60000, 0x3430e0b0, 0x3430e200, 0x34b60000)
    ro space 10240K,  45% used [0x37f60000, 0x383e7290, 0x383e7400, 0x38960000)
    rw space 12288K,  54% used [0x38960000, 0x38feace8, 0x38feae00, 0x39560000)
Event: 2.205 GC heap after
Heap after GC invocations=6 (full 2):
 def new generation   total 14784K, used 5K [0x23f60000, 0x24f60000, 0x294b0000)
  eden space 13184K,   0% used [0x23f60000, 0x23f60000, 0x24c40000)
  from space 1600K,   0% used [0x24dd0000, 0x24dd1700, 0x24f60000)
  to   space 1600K,   0% used [0x24c40000, 0x24c40000, 0x24dd0000)
 tenured generation   total 32708K, used 30643K [0x294b0000, 0x2b4a1000, 0x33f60000)
   the space 32708K,  93% used [0x294b0000, 0x2b29cf30, 0x2b29d000, 0x2b4a1000)
 compacting perm gen  total 12288K, used 3768K [0x33f60000, 0x34b60000, 0x37f60000)
   the space 12288K,  30% used [0x33f60000, 0x3430e0b0, 0x3430e200, 0x34b60000)
    ro space 10240K,  45% used [0x37f60000, 0x383e7290, 0x383e7400, 0x38960000)
    rw space 12288K,  54% used [0x38960000, 0x38feace8, 0x38feae00, 0x39560000)
}
Event: 2.337 GC heap before
{Heap before GC invocations=6 (full 2):
 def new generation   total 14784K, used 11968K [0x23f60000, 0x24f60000, 0x294b0000)
  eden space 13184K,  90% used [0x23f60000, 0x24b0e950, 0x24c40000)
  from space 1600K,   0% used [0x24dd0000, 0x24dd1700, 0x24f60000)
  to   space 1600K,   0% used [0x24c40000, 0x24c40000, 0x24dd0000)
 tenured generation   total 47268K, used 45200K [0x294b0000, 0x2c2d9000, 0x33f60000)
   the space 47268K,  95% used [0x294b0000, 0x2c0d4318, 0x2c0d4400, 0x2c2d9000)
 compacting perm gen  total 12288K, used 3787K [0x33f60000, 0x34b60000, 0x37f60000)
   the space 12288K,  30% used [0x33f60000, 0x34312f60, 0x34313000, 0x34b60000)
    ro space 10240K,  45% used [0x37f60000, 0x383e7290, 0x383e7400, 0x38960000)
    rw space 12288K,  54% used [0x38960000, 0x38feace8, 0x38feae00, 0x39560000)
Event: 2.340 GC heap after
Heap after GC invocations=7 (full 2):
 def new generation   total 14784K, used 634K [0x23f60000, 0x24f60000, 0x294b0000)
  eden space 13184K,   0% used [0x23f60000, 0x23f60000, 0x24c40000)
  from space 1600K,  39% used [0x24c40000, 0x24cde860, 0x24dd0000)
  to   space 1600K,   0% used [0x24dd0000, 0x24dd0000, 0x24f60000)
 tenured generation   total 47268K, used 46999K [0x294b0000, 0x2c2d9000, 0x33f60000)
   the space 47268K,  99% used [0x294b0000, 0x2c295cb8, 0x2c295e00, 0x2c2d9000)
 compacting perm gen  total 12288K, used 3787K [0x33f60000, 0x34b60000, 0x37f60000)
   the space 12288K,  30% used [0x33f60000, 0x34312f60, 0x34313000, 0x34b60000)
    ro space 10240K,  45% used [0x37f60000, 0x383e7290, 0x383e7400, 0x38960000)
    rw space 12288K,  54% used [0x38960000, 0x38feace8, 0x38feae00, 0x39560000)
}
Event: 2.364 GC heap before
{Heap before GC invocations=7 (full 2):
 def new generation   total 14784K, used 3511K [0x23f60000, 0x24f60000, 0x294b0000)
  eden space 13184K,  21% used [0x23f60000, 0x2422f540, 0x24c40000)
  from space 1600K,  39% used [0x24c40000, 0x24cde860, 0x24dd0000)
  to   space 1600K,   0% used [0x24dd0000, 0x24dd0000, 0x24f60000)
 tenured generation   total 58188K, used 57916K [0x294b0000, 0x2cd83000, 0x33f60000)
   the space 58188K,  99% used [0x294b0000, 0x2cd3f3b0, 0x2cd3f400, 0x2cd83000)
 compacting perm gen  total 12288K, used 3787K [0x33f60000, 0x34b60000, 0x37f60000)
   the space 12288K,  30% used [0x33f60000, 0x34312f80, 0x34313000, 0x34b60000)
    ro space 10240K,  45% used [0x37f60000, 0x383e7290, 0x383e7400, 0x38960000)
    rw space 12288K,  54% used [0x38960000, 0x38feace8, 0x38feae00, 0x39560000)
Event: 2.368 GC heap after
Heap after GC invocations=8 (full 2):
 def new generation   total 14784K, used 1230K [0x23f60000, 0x24f60000, 0x294b0000)
  eden space 13184K,   0% used [0x23f60000, 0x23f60000, 0x24c40000)
  from space 1600K,  76% used [0x24dd0000, 0x24f03878, 0x24f60000)
  to   space 1600K,   0% used [0x24c40000, 0x24c40000, 0x24dd0000)
 tenured generation   total 59988K, used 59715K [0x294b0000, 0x2cf45000, 0x33f60000)
   the space 59988K,  99% used [0x294b0000, 0x2cf00d50, 0x2cf00e00, 0x2cf45000)
 compacting perm gen  total 12288K, used 3787K [0x33f60000, 0x34b60000, 0x37f60000)
   the space 12288K,  30% used [0x33f60000, 0x34312f80, 0x34313000, 0x34b60000)
    ro space 10240K,  45% used [0x37f60000, 0x383e7290, 0x383e7400, 0x38960000)
    rw space 12288K,  54% used [0x38960000, 0x38feace8, 0x38feae00, 0x39560000)
}
Event: 2.486 GC heap before
{Heap before GC invocations=8 (full 2):
 def new generation   total 14784K, used 13187K [0x23f60000, 0x24f60000, 0x294b0000)
  eden space 13184K,  90% used [0x23f60000, 0x24b0d6e8, 0x24c40000)
  from space 1600K,  76% used [0x24dd0000, 0x24f03878, 0x24f60000)
  to   space 1600K,   0% used [0x24c40000, 0x24c40000, 0x24dd0000)
 tenured generation   total 59988K, used 59715K [0x294b0000, 0x2cf45000, 0x33f60000)
   the space 59988K,  99% used [0x294b0000, 0x2cf00d50, 0x2cf00e00, 0x2cf45000)
 compacting perm gen  total 12288K, used 3789K [0x33f60000, 0x34b60000, 0x37f60000)
   the space 12288K,  30% used [0x33f60000, 0x343135b8, 0x34313600, 0x34b60000)
    ro space 10240K,  45% used [0x37f60000, 0x383e7290, 0x383e7400, 0x38960000)
    rw space 12288K,  54% used [0x38960000, 0x38feace8, 0x38feae00, 0x39560000)
Event: 2.525 GC heap after
Heap after GC invocations=9 (full 3):
 def new generation   total 27328K, used 0K [0x23f60000, 0x25d00000, 0x294b0000)
  eden space 24320K,   0% used [0x23f60000, 0x23f60000, 0x25720000)
  from space 3008K,   0% used [0x25720000, 0x25720000, 0x25a10000)
  to   space 3008K,   0% used [0x25a10000, 0x25a10000, 0x25d00000)
 tenured generation   total 60612K, used 36366K [0x294b0000, 0x2cfe1000, 0x33f60000)
   the space 60612K,  59% used [0x294b0000, 0x2b833aa0, 0x2b833c00, 0x2cfe1000)
 compacting perm gen  total 12288K, used 3789K [0x33f60000, 0x34b60000, 0x37f60000)
   the space 12288K,  30% used [0x33f60000, 0x343135b8, 0x34313600, 0x34b60000)
    ro space 10240K,  45% used [0x37f60000, 0x383e7290, 0x383e7400, 0x38960000)
    rw space 12288K,  54% used [0x38960000, 0x38feace8, 0x38feae00, 0x39560000)
}
Event: 5.321 GC heap before
{Heap before GC invocations=9 (full 3):
 def new generation   total 27328K, used 24320K [0x23f60000, 0x25d00000, 0x294b0000)
  eden space 24320K, 100% used [0x23f60000, 0x25720000, 0x25720000)
  from space 3008K,   0% used [0x25720000, 0x25720000, 0x25a10000)
  to   space 3008K,   0% used [0x25a10000, 0x25a10000, 0x25d00000)
 tenured generation   total 60612K, used 36366K [0x294b0000, 0x2cfe1000, 0x33f60000)
   the space 60612K,  59% used [0x294b0000, 0x2b833aa0, 0x2b833c00, 0x2cfe1000)
 compacting perm gen  total 12288K, used 3816K [0x33f60000, 0x34b60000, 0x37f60000)
   the space 12288K,  31% used [0x33f60000, 0x3431a000, 0x3431a000, 0x34b60000)
    ro space 10240K,  45% used [0x37f60000, 0x383e7290, 0x383e7400, 0x38960000)
    rw space 12288K,  54% used [0x38960000, 0x38feace8, 0x38feae00, 0x39560000)
Event: 5.330 GC heap after
Heap after GC invocations=10 (full 3):
 def new generation   total 27328K, used 593K [0x23f60000, 0x25d00000, 0x294b0000)
  eden space 24320K,   0% used [0x23f60000, 0x23f60000, 0x25720000)
  from space 3008K,  19% used [0x25a10000, 0x25aa4428, 0x25d00000)
  to   space 3008K,   0% used [0x25720000, 0x25720000, 0x25a10000)
 tenured generation   total 60612K, used 51004K [0x294b0000, 0x2cfe1000, 0x33f60000)
   the space 60612K,  84% used [0x294b0000, 0x2c67f330, 0x2c67f400, 0x2cfe1000)
 compacting perm gen  total 12288K, used 3816K [0x33f60000, 0x34b60000, 0x37f60000)
   the space 12288K,  31% used [0x33f60000, 0x3431a000, 0x3431a000, 0x34b60000)
    ro space 10240K,  45% used [0x37f60000, 0x383e7290, 0x383e7400, 0x38960000)
    rw space 12288K,  54% used [0x38960000, 0x38feace8, 0x38feae00, 0x39560000)
}

