# JRE version: 7.0_15-b03
# Java VM: Java HotSpot(TM) Client VM (23.7-b01 mixed mode, sharing windows-x86 )
Heap
 def new generation   total 24704K, used 3012K [0x23f60000, 0x25a20000, 0x294b0000)
  eden space 22016K,  11% used [0x23f60000, 0x241c70e8, 0x254e0000)
  from space 2688K,  20% used [0x25780000, 0x25809f30, 0x25a20000)
  to   space 2688K,   0% used [0x254e0000, 0x254e0000, 0x25780000)
 tenured generation   total 54684K, used 47447K [0x294b0000, 0x2ca17000, 0x33f60000)
   the space 54684K,  86% used [0x294b0000, 0x2c305fd0, 0x2c306000, 0x2ca17000)
 compacting perm gen  total 12288K, used 4611K [0x33f60000, 0x34b60000, 0x37f60000)
   the space 12288K,  37% used [0x33f60000, 0x343e0d50, 0x343e0e00, 0x34b60000)
    ro space 10240K,  45% used [0x37f60000, 0x383e7290, 0x383e7400, 0x38960000)
    rw space 12288K,  54% used [0x38960000, 0x38feace8, 0x38feae00, 0x39560000)
GC Heap History (10 events):
Event: 2.861 GC heap before
{Heap before GC invocations=6 (full 2):
 def new generation   total 14848K, used 10384K [0x23f60000, 0x24f70000, 0x294b0000)
  eden space 13248K,  78% used [0x23f60000, 0x24982a78, 0x24c50000)
  from space 1600K,   0% used [0x24de0000, 0x24de1758, 0x24f70000)
  to   space 1600K,   0% used [0x24c50000, 0x24c50000, 0x24de0000)
 tenured generation   total 32768K, used 30680K [0x294b0000, 0x2b4b0000, 0x33f60000)
   the space 32768K,  93% used [0x294b0000, 0x2b2a6048, 0x2b2a6200, 0x2b4b0000)
 compacting perm gen  total 12288K, used 3807K [0x33f60000, 0x34b60000, 0x37f60000)
   the space 12288K,  30% used [0x33f60000, 0x34317ef8, 0x34318000, 0x34b60000)
    ro space 10240K,  45% used [0x37f60000, 0x383e7290, 0x383e7400, 0x38960000)
    rw space 12288K,  54% used [0x38960000, 0x38feace8, 0x38feae00, 0x39560000)
Event: 2.894 GC heap after
Heap after GC invocations=7 (full 3):
 def new generation   total 14848K, used 0K [0x23f60000, 0x24f70000, 0x294b0000)
  eden space 13248K,   0% used [0x23f60000, 0x23f60000, 0x24c50000)
  from space 1600K,   0% used [0x24c50000, 0x24c50000, 0x24de0000)
  to   space 1600K,   0% used [0x24de0000, 0x24de0000, 0x24f70000)
 tenured generation   total 32768K, used 19131K [0x294b0000, 0x2b4b0000, 0x33f60000)
   the space 32768K,  58% used [0x294b0000, 0x2a75ef30, 0x2a75f000, 0x2b4b0000)
 compacting perm gen  total 12288K, used 3807K [0x33f60000, 0x34b60000, 0x37f60000)
   the space 12288K,  30% used [0x33f60000, 0x34317ef8, 0x34318000, 0x34b60000)
    ro space 10240K,  45% used [0x37f60000, 0x383e7290, 0x383e7400, 0x38960000)
    rw space 12288K,  54% used [0x38960000, 0x38feace8, 0x38feae00, 0x39560000)
}
Event: 2.919 GC heap before
{Heap before GC invocations=7 (full 3):
 def new generation   total 14848K, used 13248K [0x23f60000, 0x24f70000, 0x294b0000)
  eden space 13248K, 100% used [0x23f60000, 0x24c50000, 0x24c50000)
  from space 1600K,   0% used [0x24c50000, 0x24c50000, 0x24de0000)
  to   space 1600K,   0% used [0x24de0000, 0x24de0000, 0x24f70000)
 tenured generation   total 47328K, used 33688K [0x294b0000, 0x2c2e8000, 0x33f60000)
   the space 47328K,  71% used [0x294b0000, 0x2b596318, 0x2b596400, 0x2c2e8000)
 compacting perm gen  total 12288K, used 3807K [0x33f60000, 0x34b60000, 0x37f60000)
   the space 12288K,  30% used [0x33f60000, 0x34317f18, 0x34318000, 0x34b60000)
    ro space 10240K,  45% used [0x37f60000, 0x383e7290, 0x383e7400, 0x38960000)
    rw space 12288K,  54% used [0x38960000, 0x38feace8, 0x38feae00, 0x39560000)
Event: 2.930 GC heap after
Heap after GC invocations=8 (full 3):
 def new generation   total 14848K, used 711K [0x23f60000, 0x24f70000, 0x294b0000)
  eden space 13248K,   0% used [0x23f60000, 0x23f60000, 0x24c50000)
  from space 1600K,  44% used [0x24de0000, 0x24e91c90, 0x24f70000)
  to   space 1600K,   0% used [0x24c50000, 0x24c50000, 0x24de0000)
 tenured generation   total 47328K, used 44606K [0x294b0000, 0x2c2e8000, 0x33f60000)
   the space 47328K,  94% used [0x294b0000, 0x2c03fa10, 0x2c03fc00, 0x2c2e8000)
 compacting perm gen  total 12288K, used 3807K [0x33f60000, 0x34b60000, 0x37f60000)
   the space 12288K,  30% used [0x33f60000, 0x34317f18, 0x34318000, 0x34b60000)
    ro space 10240K,  45% used [0x37f60000, 0x383e7290, 0x383e7400, 0x38960000)
    rw space 12288K,  54% used [0x38960000, 0x38feace8, 0x38feae00, 0x39560000)
}
Event: 3.018 GC heap before
{Heap before GC invocations=8 (full 3):
 def new generation   total 14848K, used 13959K [0x23f60000, 0x24f70000, 0x294b0000)
  eden space 13248K, 100% used [0x23f60000, 0x24c50000, 0x24c50000)
  from space 1600K,  44% used [0x24de0000, 0x24e91c90, 0x24f70000)
  to   space 1600K,   0% used [0x24c50000, 0x24c50000, 0x24de0000)
 tenured generation   total 47328K, used 44606K [0x294b0000, 0x2c2e8000, 0x33f60000)
   the space 47328K,  94% used [0x294b0000, 0x2c03fa10, 0x2c03fc00, 0x2c2e8000)
 compacting perm gen  total 12288K, used 3807K [0x33f60000, 0x34b60000, 0x37f60000)
   the space 12288K,  30% used [0x33f60000, 0x34317f28, 0x34318000, 0x34b60000)
    ro space 10240K,  45% used [0x37f60000, 0x383e7290, 0x383e7400, 0x38960000)
    rw space 12288K,  54% used [0x38960000, 0x38feace8, 0x38feae00, 0x39560000)
Event: 3.019 GC heap after
Heap after GC invocations=9 (full 3):
 def new generation   total 14848K, used 1042K [0x23f60000, 0x24f70000, 0x294b0000)
  eden space 13248K,   0% used [0x23f60000, 0x23f60000, 0x24c50000)
  from space 1600K,  65% used [0x24c50000, 0x24d54a90, 0x24de0000)
  to   space 1600K,   0% used [0x24de0000, 0x24de0000, 0x24f70000)
 tenured generation   total 47328K, used 44606K [0x294b0000, 0x2c2e8000, 0x33f60000)
   the space 47328K,  94% used [0x294b0000, 0x2c03fa10, 0x2c03fc00, 0x2c2e8000)
 compacting perm gen  total 12288K, used 3807K [0x33f60000, 0x34b60000, 0x37f60000)
   the space 12288K,  30% used [0x33f60000, 0x34317f28, 0x34318000, 0x34b60000)
    ro space 10240K,  45% used [0x37f60000, 0x383e7290, 0x383e7400, 0x38960000)
    rw space 12288K,  54% used [0x38960000, 0x38feace8, 0x38feae00, 0x39560000)
}
Event: 3.061 GC heap before
{Heap before GC invocations=9 (full 3):
 def new generation   total 14848K, used 4634K [0x23f60000, 0x24f70000, 0x294b0000)
  eden space 13248K,  27% used [0x23f60000, 0x242e1f98, 0x24c50000)
  from space 1600K,  65% used [0x24c50000, 0x24d54a90, 0x24de0000)
  to   space 1600K,   0% used [0x24de0000, 0x24de0000, 0x24f70000)
 tenured generation   total 47328K, used 44606K [0x294b0000, 0x2c2e8000, 0x33f60000)
   the space 47328K,  94% used [0x294b0000, 0x2c03fa10, 0x2c03fc00, 0x2c2e8000)
 compacting perm gen  total 12288K, used 3918K [0x33f60000, 0x34b60000, 0x37f60000)
   the space 12288K,  31% used [0x33f60000, 0x34333a00, 0x34333a00, 0x34b60000)
    ro space 10240K,  45% used [0x37f60000, 0x383e7290, 0x383e7400, 0x38960000)
    rw space 12288K,  54% used [0x38960000, 0x38feace8, 0x38feae00, 0x39560000)
Event: 3.117 GC heap after
Heap after GC invocations=10 (full 4):
 def new generation   total 24704K, used 0K [0x23f60000, 0x25a20000, 0x294b0000)
  eden space 22016K,   0% used [0x23f60000, 0x23f60000, 0x254e0000)
  from space 2688K,   0% used [0x254e0000, 0x254e0000, 0x25780000)
  to   space 2688K,   0% used [0x25780000, 0x25780000, 0x25a20000)
 tenured generation   total 54684K, used 32809K [0x294b0000, 0x2ca17000, 0x33f60000)
   the space 54684K,  59% used [0x294b0000, 0x2b4ba740, 0x2b4ba800, 0x2ca17000)
 compacting perm gen  total 12288K, used 3917K [0x33f60000, 0x34b60000, 0x37f60000)
   the space 12288K,  31% used [0x33f60000, 0x343334e8, 0x34333600, 0x34b60000)
    ro space 10240K,  45% used [0x37f60000, 0x383e7290, 0x383e7400, 0x38960000)
    rw space 12288K,  54% used [0x38960000, 0x38feace8, 0x38feae00, 0x39560000)
}
Event: 3.261 GC heap before
{Heap before GC invocations=10 (full 4):
 def new generation   total 24704K, used 22016K [0x23f60000, 0x25a20000, 0x294b0000)
  eden space 22016K, 100% used [0x23f60000, 0x254e0000, 0x254e0000)
  from space 2688K,   0% used [0x254e0000, 0x254e0000, 0x25780000)
  to   space 2688K,   0% used [0x25780000, 0x25780000, 0x25a20000)
 tenured generation   total 54684K, used 32809K [0x294b0000, 0x2ca17000, 0x33f60000)
   the space 54684K,  59% used [0x294b0000, 0x2b4ba740, 0x2b4ba800, 0x2ca17000)
 compacting perm gen  total 12288K, used 4235K [0x33f60000, 0x34b60000, 0x37f60000)
   the space 12288K,  34% used [0x33f60000, 0x34382d20, 0x34382e00, 0x34b60000)
    ro space 10240K,  45% used [0x37f60000, 0x383e7290, 0x383e7400, 0x38960000)
    rw space 12288K,  54% used [0x38960000, 0x38feace8, 0x38feae00, 0x39560000)
Event: 3.274 GC heap after
Heap after GC invocations=11 (full 4):
 def new generation   total 24704K, used 551K [0x23f60000, 0x25a20000, 0x294b0000)
  eden space 22016K,   0% used [0x23f60000, 0x23f60000, 0x254e0000)
  from space 2688K,  20% used [0x25780000, 0x25809f30, 0x25a20000)
  to   space 2688K,   0% used [0x254e0000, 0x254e0000, 0x25780000)
 tenured generation   total 54684K, used 47447K [0x294b0000, 0x2ca17000, 0x33f60000)
   the space 54684K,  86% used [0x294b0000, 0x2c305fd0, 0x2c306000, 0x2ca17000)
 compacting perm gen  total 12288K, used 4235K [0x33f60000, 0x34b60000, 0x37f60000)
   the space 12288K,  34% used [0x33f60000, 0x34382d20, 0x34382e00, 0x34b60000)
    ro space 10240K,  45% used [0x37f60000, 0x383e7290, 0x383e7400, 0x38960000)
    rw space 12288K,  54% used [0x38960000, 0x38feace8, 0x38feae00, 0x39560000)
}

