# JRE version: 7.0_15-b03
# Java VM: Java HotSpot(TM) Client VM (23.7-b01 mixed mode, sharing windows-x86 )
Heap
 def new generation   total 25536K, used 8151K [0x23f60000, 0x25b10000, 0x294b0000)
  eden space 22720K,  34% used [0x23f60000, 0x246f2250, 0x25590000)
  from space 2816K,  14% used [0x25850000, 0x258b3a98, 0x25b10000)
  to   space 2816K,   0% used [0x25590000, 0x25590000, 0x25850000)
 tenured generation   total 56544K, used 48562K [0x294b0000, 0x2cbe8000, 0x33f60000)
   the space 56544K,  85% used [0x294b0000, 0x2c41cbf0, 0x2c41cc00, 0x2cbe8000)
 compacting perm gen  total 12288K, used 4617K [0x33f60000, 0x34b60000, 0x37f60000)
   the space 12288K,  37% used [0x33f60000, 0x343e26f8, 0x343e2800, 0x34b60000)
    ro space 10240K,  45% used [0x37f60000, 0x383e7290, 0x383e7400, 0x38960000)
    rw space 12288K,  54% used [0x38960000, 0x38feace8, 0x38feae00, 0x39560000)
GC Heap History (10 events):
Event: 1.835 GC heap before
{Heap before GC invocations=6 (full 2):
 def new generation   total 14784K, used 13179K [0x23f60000, 0x24f60000, 0x294b0000)
  eden space 13184K,  99% used [0x23f60000, 0x24c3d878, 0x24c40000)
  from space 1600K,   0% used [0x24dd0000, 0x24dd1700, 0x24f60000)
  to   space 1600K,   0% used [0x24c40000, 0x24c40000, 0x24dd0000)
 tenured generation   total 32712K, used 30646K [0x294b0000, 0x2b4a2000, 0x33f60000)
   the space 32712K,  93% used [0x294b0000, 0x2b29d8d8, 0x2b29da00, 0x2b4a2000)
 compacting perm gen  total 12288K, used 3789K [0x33f60000, 0x34b60000, 0x37f60000)
   the space 12288K,  30% used [0x33f60000, 0x34313580, 0x34313600, 0x34b60000)
    ro space 10240K,  45% used [0x37f60000, 0x383e7290, 0x383e7400, 0x38960000)
    rw space 12288K,  54% used [0x38960000, 0x38feace8, 0x38feae00, 0x39560000)
Event: 1.839 GC heap after
Heap after GC invocations=7 (full 2):
 def new generation   total 14784K, used 227K [0x23f60000, 0x24f60000, 0x294b0000)
  eden space 13184K,   0% used [0x23f60000, 0x23f60000, 0x24c40000)
  from space 1600K,  14% used [0x24c40000, 0x24c78c28, 0x24dd0000)
  to   space 1600K,   0% used [0x24dd0000, 0x24dd0000, 0x24f60000)
 tenured generation   total 32712K, used 32444K [0x294b0000, 0x2b4a2000, 0x33f60000)
   the space 32712K,  99% used [0x294b0000, 0x2b45f278, 0x2b45f400, 0x2b4a2000)
 compacting perm gen  total 12288K, used 3789K [0x33f60000, 0x34b60000, 0x37f60000)
   the space 12288K,  30% used [0x33f60000, 0x34313580, 0x34313600, 0x34b60000)
    ro space 10240K,  45% used [0x37f60000, 0x383e7290, 0x383e7400, 0x38960000)
    rw space 12288K,  54% used [0x38960000, 0x38feace8, 0x38feae00, 0x39560000)
}
Event: 1.850 GC heap before
{Heap before GC invocations=7 (full 2):
 def new generation   total 14784K, used 1021K [0x23f60000, 0x24f60000, 0x294b0000)
  eden space 13184K,   6% used [0x23f60000, 0x24026840, 0x24c40000)
  from space 1600K,  14% used [0x24c40000, 0x24c78c28, 0x24dd0000)
  to   space 1600K,   0% used [0x24dd0000, 0x24dd0000, 0x24f60000)
 tenured generation   total 32712K, used 32444K [0x294b0000, 0x2b4a2000, 0x33f60000)
   the space 32712K,  99% used [0x294b0000, 0x2b45f278, 0x2b45f400, 0x2b4a2000)
 compacting perm gen  total 12288K, used 3789K [0x33f60000, 0x34b60000, 0x37f60000)
   the space 12288K,  30% used [0x33f60000, 0x343135a0, 0x34313600, 0x34b60000)
    ro space 10240K,  45% used [0x37f60000, 0x383e7290, 0x383e7400, 0x38960000)
    rw space 12288K,  54% used [0x38960000, 0x38feace8, 0x38feae00, 0x39560000)
Event: 1.884 GC heap after
Heap after GC invocations=8 (full 3):
 def new generation   total 15488K, used 0K [0x23f60000, 0x25020000, 0x294b0000)
  eden space 13824K,   0% used [0x23f60000, 0x23f60000, 0x24ce0000)
  from space 1664K,   0% used [0x24ce0000, 0x24ce0000, 0x24e80000)
  to   space 1664K,   0% used [0x24e80000, 0x24e80000, 0x25020000)
 tenured generation   total 34132K, used 20477K [0x294b0000, 0x2b605000, 0x33f60000)
   the space 34132K,  59% used [0x294b0000, 0x2a8af5b0, 0x2a8af600, 0x2b605000)
 compacting perm gen  total 12288K, used 3789K [0x33f60000, 0x34b60000, 0x37f60000)
   the space 12288K,  30% used [0x33f60000, 0x343135a0, 0x34313600, 0x34b60000)
    ro space 10240K,  45% used [0x37f60000, 0x383e7290, 0x383e7400, 0x38960000)
    rw space 12288K,  54% used [0x38960000, 0x38feace8, 0x38feae00, 0x39560000)
}
Event: 1.928 GC heap before
{Heap before GC invocations=8 (full 3):
 def new generation   total 15488K, used 13824K [0x23f60000, 0x25020000, 0x294b0000)
  eden space 13824K, 100% used [0x23f60000, 0x24ce0000, 0x24ce0000)
  from space 1664K,   0% used [0x24ce0000, 0x24ce0000, 0x24e80000)
  to   space 1664K,   0% used [0x24e80000, 0x24e80000, 0x25020000)
 tenured generation   total 48692K, used 35034K [0x294b0000, 0x2c43d000, 0x33f60000)
   the space 48692K,  71% used [0x294b0000, 0x2b6e6998, 0x2b6e6a00, 0x2c43d000)
 compacting perm gen  total 12288K, used 3789K [0x33f60000, 0x34b60000, 0x37f60000)
   the space 12288K,  30% used [0x33f60000, 0x343135a0, 0x34313600, 0x34b60000)
    ro space 10240K,  45% used [0x37f60000, 0x383e7290, 0x383e7400, 0x38960000)
    rw space 12288K,  54% used [0x38960000, 0x38feace8, 0x38feae00, 0x39560000)
Event: 1.938 GC heap after
Heap after GC invocations=9 (full 3):
 def new generation   total 15488K, used 601K [0x23f60000, 0x25020000, 0x294b0000)
  eden space 13824K,   0% used [0x23f60000, 0x23f60000, 0x24ce0000)
  from space 1664K,  36% used [0x24e80000, 0x24f16770, 0x25020000)
  to   space 1664K,   0% used [0x24ce0000, 0x24ce0000, 0x24e80000)
 tenured generation   total 48692K, used 45952K [0x294b0000, 0x2c43d000, 0x33f60000)
   the space 48692K,  94% used [0x294b0000, 0x2c190090, 0x2c190200, 0x2c43d000)
 compacting perm gen  total 12288K, used 3789K [0x33f60000, 0x34b60000, 0x37f60000)
   the space 12288K,  30% used [0x33f60000, 0x343135a0, 0x34313600, 0x34b60000)
    ro space 10240K,  45% used [0x37f60000, 0x383e7290, 0x383e7400, 0x38960000)
    rw space 12288K,  54% used [0x38960000, 0x38feace8, 0x38feae00, 0x39560000)
}
Event: 2.040 GC heap before
{Heap before GC invocations=9 (full 3):
 def new generation   total 15488K, used 10288K [0x23f60000, 0x25020000, 0x294b0000)
  eden space 13824K,  70% used [0x23f60000, 0x248d5a70, 0x24ce0000)
  from space 1664K,  36% used [0x24e80000, 0x24f16770, 0x25020000)
  to   space 1664K,   0% used [0x24ce0000, 0x24ce0000, 0x24e80000)
 tenured generation   total 48692K, used 45952K [0x294b0000, 0x2c43d000, 0x33f60000)
   the space 48692K,  94% used [0x294b0000, 0x2c190090, 0x2c190200, 0x2c43d000)
 compacting perm gen  total 12288K, used 3789K [0x33f60000, 0x34b60000, 0x37f60000)
   the space 12288K,  30% used [0x33f60000, 0x343135a0, 0x34313600, 0x34b60000)
    ro space 10240K,  45% used [0x37f60000, 0x383e7290, 0x383e7400, 0x38960000)
    rw space 12288K,  54% used [0x38960000, 0x38feace8, 0x38feae00, 0x39560000)
Event: 2.088 GC heap after
Heap after GC invocations=10 (full 4):
 def new generation   total 25536K, used 0K [0x23f60000, 0x25b10000, 0x294b0000)
  eden space 22720K,   0% used [0x23f60000, 0x23f60000, 0x25590000)
  from space 2816K,   0% used [0x25590000, 0x25590000, 0x25850000)
  to   space 2816K,   0% used [0x25850000, 0x25850000, 0x25b10000)
 tenured generation   total 56544K, used 33924K [0x294b0000, 0x2cbe8000, 0x33f60000)
   the space 56544K,  59% used [0x294b0000, 0x2b5d1360, 0x2b5d1400, 0x2cbe8000)
 compacting perm gen  total 12288K, used 3788K [0x33f60000, 0x34b60000, 0x37f60000)
   the space 12288K,  30% used [0x33f60000, 0x34313068, 0x34313200, 0x34b60000)
    ro space 10240K,  45% used [0x37f60000, 0x383e7290, 0x383e7400, 0x38960000)
    rw space 12288K,  54% used [0x38960000, 0x38feace8, 0x38feae00, 0x39560000)
}
Event: 35.040 GC heap before
{Heap before GC invocations=10 (full 4):
 def new generation   total 25536K, used 22679K [0x23f60000, 0x25b10000, 0x294b0000)
  eden space 22720K,  99% used [0x23f60000, 0x25585cb8, 0x25590000)
  from space 2816K,   0% used [0x25590000, 0x25590000, 0x25850000)
  to   space 2816K,   0% used [0x25850000, 0x25850000, 0x25b10000)
 tenured generation   total 56544K, used 33924K [0x294b0000, 0x2cbe8000, 0x33f60000)
   the space 56544K,  59% used [0x294b0000, 0x2b5d1360, 0x2b5d1400, 0x2cbe8000)
 compacting perm gen  total 12288K, used 3814K [0x33f60000, 0x34b60000, 0x37f60000)
   the space 12288K,  31% used [0x33f60000, 0x34319ab0, 0x34319c00, 0x34b60000)
    ro space 10240K,  45% used [0x37f60000, 0x383e7290, 0x383e7400, 0x38960000)
    rw space 12288K,  54% used [0x38960000, 0x38feace8, 0x38feae00, 0x39560000)
Event: 35.050 GC heap after
Heap after GC invocations=11 (full 4):
 def new generation   total 25536K, used 398K [0x23f60000, 0x25b10000, 0x294b0000)
  eden space 22720K,   0% used [0x23f60000, 0x23f60000, 0x25590000)
  from space 2816K,  14% used [0x25850000, 0x258b3a98, 0x25b10000)
  to   space 2816K,   0% used [0x25590000, 0x25590000, 0x25850000)
 tenured generation   total 56544K, used 48562K [0x294b0000, 0x2cbe8000, 0x33f60000)
   the space 56544K,  85% used [0x294b0000, 0x2c41cbf0, 0x2c41cc00, 0x2cbe8000)
 compacting perm gen  total 12288K, used 3814K [0x33f60000, 0x34b60000, 0x37f60000)
   the space 12288K,  31% used [0x33f60000, 0x34319ab0, 0x34319c00, 0x34b60000)
    ro space 10240K,  45% used [0x37f60000, 0x383e7290, 0x383e7400, 0x38960000)
    rw space 12288K,  54% used [0x38960000, 0x38feace8, 0x38feae00, 0x39560000)
}

