# JRE version: 7.0_21-b11
# Java VM: Java HotSpot(TM) Client VM (23.21-b01 mixed mode, sharing windows-x86 )
Heap
 def new generation   total 78656K, used 2062K [0x244d0000, 0x29a20000, 0x29a20000)
  eden space 69952K,   0% used [0x244d0000, 0x24538ea0, 0x28920000)
  from space 8704K,  18% used [0x291a0000, 0x2933abe0, 0x29a20000)
  to   space 8704K,   0% used [0x28920000, 0x28920000, 0x291a0000)
 tenured generation   total 174784K, used 169570K [0x29a20000, 0x344d0000, 0x344d0000)
   the space 174784K,  97% used [0x29a20000, 0x33fb8990, 0x33fb8a00, 0x344d0000)
 compacting perm gen  total 12288K, used 4654K [0x344d0000, 0x350d0000, 0x384d0000)
   the space 12288K,  37% used [0x344d0000, 0x3495b9e0, 0x3495ba00, 0x350d0000)
    ro space 10240K,  45% used [0x384d0000, 0x38957988, 0x38957a00, 0x38ed0000)
    rw space 12288K,  54% used [0x38ed0000, 0x3955b5d8, 0x3955b600, 0x39ad0000)
GC Heap History (10 events):
Event: 2.095 GC heap before
{Heap before GC invocations=7 (full 2):
 def new generation   total 14720K, used 4080K [0x244d0000, 0x254c0000, 0x29a20000)
  eden space 13120K,  26% used [0x244d0000, 0x248416e8, 0x251a0000)
  from space 1600K,  34% used [0x251a0000, 0x2522a938, 0x25330000)
  to   space 1600K,   0% used [0x25330000, 0x25330000, 0x254c0000)
 tenured generation   total 58248K, used 58107K [0x29a20000, 0x2d302000, 0x344d0000)
   the space 58248K,  99% used [0x29a20000, 0x2d2decd0, 0x2d2dee00, 0x2d302000)
 compacting perm gen  total 12288K, used 3787K [0x344d0000, 0x350d0000, 0x384d0000)
   the space 12288K,  30% used [0x344d0000, 0x34882c80, 0x34882e00, 0x350d0000)
    ro space 10240K,  45% used [0x384d0000, 0x38957988, 0x38957a00, 0x38ed0000)
    rw space 12288K,  54% used [0x38ed0000, 0x3955b5d8, 0x3955b600, 0x39ad0000)
Event: 2.099 GC heap after
Heap after GC invocations=8 (full 2):
 def new generation   total 14720K, used 1453K [0x244d0000, 0x254c0000, 0x29a20000)
  eden space 13120K,   0% used [0x244d0000, 0x244d0000, 0x251a0000)
  from space 1600K,  90% used [0x25330000, 0x2549b7f8, 0x254c0000)
  to   space 1600K,   0% used [0x251a0000, 0x251a0000, 0x25330000)
 tenured generation   total 60148K, used 60004K [0x29a20000, 0x2d4dd000, 0x344d0000)
   the space 60148K,  99% used [0x29a20000, 0x2d4b9360, 0x2d4b9400, 0x2d4dd000)
 compacting perm gen  total 12288K, used 3787K [0x344d0000, 0x350d0000, 0x384d0000)
   the space 12288K,  30% used [0x344d0000, 0x34882c80, 0x34882e00, 0x350d0000)
    ro space 10240K,  45% used [0x384d0000, 0x38957988, 0x38957a00, 0x38ed0000)
    rw space 12288K,  54% used [0x38ed0000, 0x3955b5d8, 0x3955b600, 0x39ad0000)
}
Event: 2.333 GC heap before
{Heap before GC invocations=8 (full 2):
 def new generation   total 14720K, used 13154K [0x244d0000, 0x254c0000, 0x29a20000)
  eden space 13120K,  89% used [0x244d0000, 0x2503d030, 0x251a0000)
  from space 1600K,  90% used [0x25330000, 0x2549b7f8, 0x254c0000)
  to   space 1600K,   0% used [0x251a0000, 0x251a0000, 0x25330000)
 tenured generation   total 60148K, used 60004K [0x29a20000, 0x2d4dd000, 0x344d0000)
   the space 60148K,  99% used [0x29a20000, 0x2d4b9360, 0x2d4b9400, 0x2d4dd000)
 compacting perm gen  total 12288K, used 3788K [0x344d0000, 0x350d0000, 0x384d0000)
   the space 12288K,  30% used [0x344d0000, 0x348832d8, 0x34883400, 0x350d0000)
    ro space 10240K,  45% used [0x384d0000, 0x38957988, 0x38957a00, 0x38ed0000)
    rw space 12288K,  54% used [0x38ed0000, 0x3955b5d8, 0x3955b600, 0x39ad0000)
Event: 2.375 GC heap after
Heap after GC invocations=9 (full 3):
 def new generation   total 27264K, used 0K [0x244d0000, 0x26260000, 0x29a20000)
  eden space 24256K,   0% used [0x244d0000, 0x244d0000, 0x25c80000)
  from space 3008K,   0% used [0x25c80000, 0x25c80000, 0x25f70000)
  to   space 3008K,   0% used [0x25f70000, 0x25f70000, 0x26260000)
 tenured generation   total 60472K, used 36282K [0x29a20000, 0x2d52e000, 0x344d0000)
   the space 60472K,  59% used [0x29a20000, 0x2bd8eaa8, 0x2bd8ec00, 0x2d52e000)
 compacting perm gen  total 12288K, used 3788K [0x344d0000, 0x350d0000, 0x384d0000)
   the space 12288K,  30% used [0x344d0000, 0x348832d8, 0x34883400, 0x350d0000)
    ro space 10240K,  45% used [0x384d0000, 0x38957988, 0x38957a00, 0x38ed0000)
    rw space 12288K,  54% used [0x38ed0000, 0x3955b5d8, 0x3955b600, 0x39ad0000)
}
Event: 2.428 GC heap before
{Heap before GC invocations=9 (full 3):
 def new generation   total 27264K, used 20605K [0x244d0000, 0x26260000, 0x29a20000)
  eden space 24256K,  84% used [0x244d0000, 0x258ef7d0, 0x25c80000)
  from space 3008K,   0% used [0x25c80000, 0x25c80000, 0x25f70000)
  to   space 3008K,   0% used [0x25f70000, 0x25f70000, 0x26260000)
 tenured generation   total 60472K, used 36282K [0x29a20000, 0x2d52e000, 0x344d0000)
   the space 60472K,  59% used [0x29a20000, 0x2bd8eaa8, 0x2bd8ec00, 0x2d52e000)
 compacting perm gen  total 12288K, used 3829K [0x344d0000, 0x350d0000, 0x384d0000)
   the space 12288K,  31% used [0x344d0000, 0x3488d798, 0x3488d800, 0x350d0000)
    ro space 10240K,  45% used [0x384d0000, 0x38957988, 0x38957a00, 0x38ed0000)
    rw space 12288K,  54% used [0x38ed0000, 0x3955b5d8, 0x3955b600, 0x39ad0000)
Event: 2.511 GC heap after
Heap after GC invocations=10 (full 4):
 def new generation   total 39424K, used 0K [0x244d0000, 0x26f90000, 0x29a20000)
  eden space 35072K,   0% used [0x244d0000, 0x244d0000, 0x26710000)
  from space 4352K,   0% used [0x26710000, 0x26710000, 0x26b50000)
  to   space 4352K,   0% used [0x26b50000, 0x26b50000, 0x26f90000)
 tenured generation   total 87504K, used 52500K [0x29a20000, 0x2ef94000, 0x344d0000)
   the space 87504K,  59% used [0x29a20000, 0x2cd650c8, 0x2cd65200, 0x2ef94000)
 compacting perm gen  total 12288K, used 3828K [0x344d0000, 0x350d0000, 0x384d0000)
   the space 12288K,  31% used [0x344d0000, 0x3488d280, 0x3488d400, 0x350d0000)
    ro space 10240K,  45% used [0x384d0000, 0x38957988, 0x38957a00, 0x38ed0000)
    rw space 12288K,  54% used [0x38ed0000, 0x3955b5d8, 0x3955b600, 0x39ad0000)
}
Event: 2.552 GC heap before
{Heap before GC invocations=10 (full 4):
 def new generation   total 39424K, used 213K [0x244d0000, 0x26f90000, 0x29a20000)
  eden space 35072K,   0% used [0x244d0000, 0x245054b8, 0x26710000)
  from space 4352K,   0% used [0x26710000, 0x26710000, 0x26b50000)
  to   space 4352K,   0% used [0x26b50000, 0x26b50000, 0x26f90000)
 tenured generation   total 146040K, used 111034K [0x29a20000, 0x328be000, 0x344d0000)
   the space 146040K,  76% used [0x29a20000, 0x3068ea78, 0x3068ec00, 0x328be000)
 compacting perm gen  total 12288K, used 3832K [0x344d0000, 0x350d0000, 0x384d0000)
   the space 12288K,  31% used [0x344d0000, 0x3488e398, 0x3488e400, 0x350d0000)
    ro space 10240K,  45% used [0x384d0000, 0x38957988, 0x38957a00, 0x38ed0000)
    rw space 12288K,  54% used [0x38ed0000, 0x3955b5d8, 0x3955b600, 0x39ad0000)
Event: 2.594 GC heap after
Heap after GC invocations=11 (full 5):
 def new generation   total 78656K, used 0K [0x244d0000, 0x29a20000, 0x29a20000)
  eden space 69952K,   0% used [0x244d0000, 0x244d0000, 0x28920000)
  from space 8704K,   0% used [0x28920000, 0x28920000, 0x291a0000)
  to   space 8704K,   0% used [0x291a0000, 0x291a0000, 0x29a20000)
 tenured generation   total 174784K, used 111035K [0x29a20000, 0x344d0000, 0x344d0000)
   the space 174784K,  63% used [0x29a20000, 0x3068efe0, 0x3068f000, 0x344d0000)
 compacting perm gen  total 12288K, used 3832K [0x344d0000, 0x350d0000, 0x384d0000)
   the space 12288K,  31% used [0x344d0000, 0x3488e398, 0x3488e400, 0x350d0000)
    ro space 10240K,  45% used [0x384d0000, 0x38957988, 0x38957a00, 0x38ed0000)
    rw space 12288K,  54% used [0x38ed0000, 0x3955b5d8, 0x3955b600, 0x39ad0000)
}
Event: 6.009 GC heap before
{Heap before GC invocations=11 (full 5):
 def new generation   total 78656K, used 69952K [0x244d0000, 0x29a20000, 0x29a20000)
  eden space 69952K, 100% used [0x244d0000, 0x28920000, 0x28920000)
  from space 8704K,   0% used [0x28920000, 0x28920000, 0x291a0000)
  to   space 8704K,   0% used [0x291a0000, 0x291a0000, 0x29a20000)
 tenured generation   total 174784K, used 111035K [0x29a20000, 0x344d0000, 0x344d0000)
   the space 174784K,  63% used [0x29a20000, 0x3068efe0, 0x3068f000, 0x344d0000)
 compacting perm gen  total 12288K, used 4582K [0x344d0000, 0x350d0000, 0x384d0000)
   the space 12288K,  37% used [0x344d0000, 0x34949860, 0x34949a00, 0x350d0000)
    ro space 10240K,  45% used [0x384d0000, 0x38957988, 0x38957a00, 0x38ed0000)
    rw space 12288K,  54% used [0x38ed0000, 0x3955b5d8, 0x3955b600, 0x39ad0000)
Event: 6.062 GC heap after
Heap after GC invocations=12 (full 5):
 def new generation   total 78656K, used 1642K [0x244d0000, 0x29a20000, 0x29a20000)
  eden space 69952K,   0% used [0x244d0000, 0x244d0000, 0x28920000)
  from space 8704K,  18% used [0x291a0000, 0x2933abe0, 0x29a20000)
  to   space 8704K,   0% used [0x28920000, 0x28920000, 0x291a0000)
 tenured generation   total 174784K, used 169570K [0x29a20000, 0x344d0000, 0x344d0000)
   the space 174784K,  97% used [0x29a20000, 0x33fb8990, 0x33fb8a00, 0x344d0000)
 compacting perm gen  total 12288K, used 4582K [0x344d0000, 0x350d0000, 0x384d0000)
   the space 12288K,  37% used [0x344d0000, 0x34949860, 0x34949a00, 0x350d0000)
    ro space 10240K,  45% used [0x384d0000, 0x38957988, 0x38957a00, 0x38ed0000)
    rw space 12288K,  54% used [0x38ed0000, 0x3955b5d8, 0x3955b600, 0x39ad0000)
}

