# JRE version: 7.0_15-b03
# Java VM: Java HotSpot(TM) Client VM (23.7-b01 mixed mode, sharing windows-x86 )
Heap
 def new generation   total 24768K, used 1508K [0x23f60000, 0x25a40000, 0x294b0000)
  eden space 22016K,   3% used [0x23f60000, 0x24023e08, 0x254e0000)
  from space 2752K,  26% used [0x25790000, 0x25845210, 0x25a40000)
  to   space 2752K,   0% used [0x254e0000, 0x254e0000, 0x25790000)
 tenured generation   total 54876K, used 47562K [0x294b0000, 0x2ca47000, 0x33f60000)
   the space 54876K,  86% used [0x294b0000, 0x2c322a78, 0x2c322c00, 0x2ca47000)
 compacting perm gen  total 12288K, used 4611K [0x33f60000, 0x34b60000, 0x37f60000)
   the space 12288K,  37% used [0x33f60000, 0x343e0cd0, 0x343e0e00, 0x34b60000)
    ro space 10240K,  45% used [0x37f60000, 0x383e7290, 0x383e7400, 0x38960000)
    rw space 12288K,  54% used [0x38960000, 0x38feace8, 0x38feae00, 0x39560000)
GC Heap History (10 events):
Event: 1.895 GC heap before
{Heap before GC invocations=6 (full 2):
 def new generation   total 14848K, used 10875K [0x23f60000, 0x24f70000, 0x294b0000)
  eden space 13248K,  82% used [0x23f60000, 0x249fd6b0, 0x24c50000)
  from space 1600K,   0% used [0x24de0000, 0x24de1700, 0x24f70000)
  to   space 1600K,   0% used [0x24c50000, 0x24c50000, 0x24de0000)
 tenured generation   total 32740K, used 30661K [0x294b0000, 0x2b4a9000, 0x33f60000)
   the space 32740K,  93% used [0x294b0000, 0x2b2a1728, 0x2b2a1800, 0x2b4a9000)
 compacting perm gen  total 12288K, used 3807K [0x33f60000, 0x34b60000, 0x37f60000)
   the space 12288K,  30% used [0x33f60000, 0x34317f58, 0x34318000, 0x34b60000)
    ro space 10240K,  45% used [0x37f60000, 0x383e7290, 0x383e7400, 0x38960000)
    rw space 12288K,  54% used [0x38960000, 0x38feace8, 0x38feae00, 0x39560000)
Event: 1.926 GC heap after
Heap after GC invocations=7 (full 3):
 def new generation   total 14848K, used 0K [0x23f60000, 0x24f70000, 0x294b0000)
  eden space 13248K,   0% used [0x23f60000, 0x23f60000, 0x24c50000)
  from space 1600K,   0% used [0x24c50000, 0x24c50000, 0x24de0000)
  to   space 1600K,   0% used [0x24de0000, 0x24de0000, 0x24f70000)
 tenured generation   total 32740K, used 18800K [0x294b0000, 0x2b4a9000, 0x33f60000)
   the space 32740K,  57% used [0x294b0000, 0x2a70c098, 0x2a70c200, 0x2b4a9000)
 compacting perm gen  total 12288K, used 3807K [0x33f60000, 0x34b60000, 0x37f60000)
   the space 12288K,  30% used [0x33f60000, 0x34317f58, 0x34318000, 0x34b60000)
    ro space 10240K,  45% used [0x37f60000, 0x383e7290, 0x383e7400, 0x38960000)
    rw space 12288K,  54% used [0x38960000, 0x38feace8, 0x38feae00, 0x39560000)
}
Event: 1.953 GC heap before
{Heap before GC invocations=7 (full 3):
 def new generation   total 14848K, used 3325K [0x23f60000, 0x24f70000, 0x294b0000)
  eden space 13248K,  25% used [0x23f60000, 0x2429f538, 0x24c50000)
  from space 1600K,   0% used [0x24c50000, 0x24c50000, 0x24de0000)
  to   space 1600K,   0% used [0x24de0000, 0x24de0000, 0x24f70000)
 tenured generation   total 47300K, used 44274K [0x294b0000, 0x2c2e1000, 0x33f60000)
   the space 47300K,  93% used [0x294b0000, 0x2bfecb78, 0x2bfecc00, 0x2c2e1000)
 compacting perm gen  total 12288K, used 3807K [0x33f60000, 0x34b60000, 0x37f60000)
   the space 12288K,  30% used [0x33f60000, 0x34317f58, 0x34318000, 0x34b60000)
    ro space 10240K,  45% used [0x37f60000, 0x383e7290, 0x383e7400, 0x38960000)
    rw space 12288K,  54% used [0x38960000, 0x38feace8, 0x38feae00, 0x39560000)
Event: 1.955 GC heap after
Heap after GC invocations=8 (full 3):
 def new generation   total 14848K, used 1087K [0x23f60000, 0x24f70000, 0x294b0000)
  eden space 13248K,   0% used [0x23f60000, 0x23f60000, 0x24c50000)
  from space 1600K,  67% used [0x24de0000, 0x24eefd70, 0x24f70000)
  to   space 1600K,   0% used [0x24c50000, 0x24c50000, 0x24de0000)
 tenured generation   total 47300K, used 44274K [0x294b0000, 0x2c2e1000, 0x33f60000)
   the space 47300K,  93% used [0x294b0000, 0x2bfecb78, 0x2bfecc00, 0x2c2e1000)
 compacting perm gen  total 12288K, used 3807K [0x33f60000, 0x34b60000, 0x37f60000)
   the space 12288K,  30% used [0x33f60000, 0x34317f58, 0x34318000, 0x34b60000)
    ro space 10240K,  45% used [0x37f60000, 0x383e7290, 0x383e7400, 0x38960000)
    rw space 12288K,  54% used [0x38960000, 0x38feace8, 0x38feae00, 0x39560000)
}
Event: 2.042 GC heap before
{Heap before GC invocations=8 (full 3):
 def new generation   total 14848K, used 14335K [0x23f60000, 0x24f70000, 0x294b0000)
  eden space 13248K, 100% used [0x23f60000, 0x24c50000, 0x24c50000)
  from space 1600K,  67% used [0x24de0000, 0x24eefd70, 0x24f70000)
  to   space 1600K,   0% used [0x24c50000, 0x24c50000, 0x24de0000)
 tenured generation   total 47300K, used 44274K [0x294b0000, 0x2c2e1000, 0x33f60000)
   the space 47300K,  93% used [0x294b0000, 0x2bfecb78, 0x2bfecc00, 0x2c2e1000)
 compacting perm gen  total 12288K, used 4023K [0x33f60000, 0x34b60000, 0x37f60000)
   the space 12288K,  32% used [0x33f60000, 0x3434ddf8, 0x3434de00, 0x34b60000)
    ro space 10240K,  45% used [0x37f60000, 0x383e7290, 0x383e7400, 0x38960000)
    rw space 12288K,  54% used [0x38960000, 0x38feace8, 0x38feae00, 0x39560000)
Event: 2.045 GC heap after
Heap after GC invocations=9 (full 3):
 def new generation   total 14848K, used 337K [0x23f60000, 0x24f70000, 0x294b0000)
  eden space 13248K,   0% used [0x23f60000, 0x23f60000, 0x24c50000)
  from space 1600K,  21% used [0x24c50000, 0x24ca4648, 0x24de0000)
  to   space 1600K,   0% used [0x24de0000, 0x24de0000, 0x24f70000)
 tenured generation   total 47300K, used 45311K [0x294b0000, 0x2c2e1000, 0x33f60000)
   the space 47300K,  95% used [0x294b0000, 0x2c0efd58, 0x2c0efe00, 0x2c2e1000)
 compacting perm gen  total 12288K, used 4023K [0x33f60000, 0x34b60000, 0x37f60000)
   the space 12288K,  32% used [0x33f60000, 0x3434ddf8, 0x3434de00, 0x34b60000)
    ro space 10240K,  45% used [0x37f60000, 0x383e7290, 0x383e7400, 0x38960000)
    rw space 12288K,  54% used [0x38960000, 0x38feace8, 0x38feae00, 0x39560000)
}
Event: 2.086 GC heap before
{Heap before GC invocations=9 (full 3):
 def new generation   total 14848K, used 3217K [0x23f60000, 0x24f70000, 0x294b0000)
  eden space 13248K,  21% used [0x23f60000, 0x2422ff48, 0x24c50000)
  from space 1600K,  21% used [0x24c50000, 0x24ca4648, 0x24de0000)
  to   space 1600K,   0% used [0x24de0000, 0x24de0000, 0x24f70000)
 tenured generation   total 47300K, used 45311K [0x294b0000, 0x2c2e1000, 0x33f60000)
   the space 47300K,  95% used [0x294b0000, 0x2c0efd58, 0x2c0efe00, 0x2c2e1000)
 compacting perm gen  total 12288K, used 4163K [0x33f60000, 0x34b60000, 0x37f60000)
   the space 12288K,  33% used [0x33f60000, 0x34370d30, 0x34370e00, 0x34b60000)
    ro space 10240K,  45% used [0x37f60000, 0x383e7290, 0x383e7400, 0x38960000)
    rw space 12288K,  54% used [0x38960000, 0x38feace8, 0x38feae00, 0x39560000)
Event: 2.135 GC heap after
Heap after GC invocations=10 (full 4):
 def new generation   total 24768K, used 0K [0x23f60000, 0x25a40000, 0x294b0000)
  eden space 22016K,   0% used [0x23f60000, 0x23f60000, 0x254e0000)
  from space 2752K,   0% used [0x254e0000, 0x254e0000, 0x25790000)
  to   space 2752K,   0% used [0x25790000, 0x25790000, 0x25a40000)
 tenured generation   total 54876K, used 32924K [0x294b0000, 0x2ca47000, 0x33f60000)
   the space 54876K,  59% used [0x294b0000, 0x2b4d71e8, 0x2b4d7200, 0x2ca47000)
 compacting perm gen  total 12288K, used 4161K [0x33f60000, 0x34b60000, 0x37f60000)
   the space 12288K,  33% used [0x33f60000, 0x34370788, 0x34370800, 0x34b60000)
    ro space 10240K,  45% used [0x37f60000, 0x383e7290, 0x383e7400, 0x38960000)
    rw space 12288K,  54% used [0x38960000, 0x38feace8, 0x38feae00, 0x39560000)
}
Event: 2.907 GC heap before
{Heap before GC invocations=10 (full 4):
 def new generation   total 24768K, used 22016K [0x23f60000, 0x25a40000, 0x294b0000)
  eden space 22016K, 100% used [0x23f60000, 0x254e0000, 0x254e0000)
  from space 2752K,   0% used [0x254e0000, 0x254e0000, 0x25790000)
  to   space 2752K,   0% used [0x25790000, 0x25790000, 0x25a40000)
 tenured generation   total 54876K, used 32924K [0x294b0000, 0x2ca47000, 0x33f60000)
   the space 54876K,  59% used [0x294b0000, 0x2b4d71e8, 0x2b4d7200, 0x2ca47000)
 compacting perm gen  total 12288K, used 4529K [0x33f60000, 0x34b60000, 0x37f60000)
   the space 12288K,  36% used [0x33f60000, 0x343cc6b8, 0x343cc800, 0x34b60000)
    ro space 10240K,  45% used [0x37f60000, 0x383e7290, 0x383e7400, 0x38960000)
    rw space 12288K,  54% used [0x38960000, 0x38feace8, 0x38feae00, 0x39560000)
Event: 2.918 GC heap after
Heap after GC invocations=11 (full 4):
 def new generation   total 24768K, used 724K [0x23f60000, 0x25a40000, 0x294b0000)
  eden space 22016K,   0% used [0x23f60000, 0x23f60000, 0x254e0000)
  from space 2752K,  26% used [0x25790000, 0x25845210, 0x25a40000)
  to   space 2752K,   0% used [0x254e0000, 0x254e0000, 0x25790000)
 tenured generation   total 54876K, used 47562K [0x294b0000, 0x2ca47000, 0x33f60000)
   the space 54876K,  86% used [0x294b0000, 0x2c322a78, 0x2c322c00, 0x2ca47000)
 compacting perm gen  total 12288K, used 4529K [0x33f60000, 0x34b60000, 0x37f60000)
   the space 12288K,  36% used [0x33f60000, 0x343cc6b8, 0x343cc800, 0x34b60000)
    ro space 10240K,  45% used [0x37f60000, 0x383e7290, 0x383e7400, 0x38960000)
    rw space 12288K,  54% used [0x38960000, 0x38feace8, 0x38feae00, 0x39560000)
}

