# JRE version: 7.0_21-b11
# Java VM: Java HotSpot(TM) Client VM (23.21-b01 mixed mode, sharing windows-x86 )
Heap
 def new generation   total 77632K, used 31358K [0x144d0000, 0x19900000, 0x1ef70000)
  eden space 69056K,  42% used [0x144d0000, 0x1617dd18, 0x18840000)
  from space 8576K,  23% used [0x18840000, 0x18a31b50, 0x190a0000)
  to   space 8576K,   0% used [0x190a0000, 0x190a0000, 0x19900000)
 tenured generation   total 172272K, used 145157K [0x1ef70000, 0x297ac000, 0x344d0000)
   the space 172272K,  84% used [0x1ef70000, 0x27d315d8, 0x27d31600, 0x297ac000)
 compacting perm gen  total 12288K, used 11106K [0x344d0000, 0x350d0000, 0x384d0000)
   the space 12288K,  90% used [0x344d0000, 0x34fa89b8, 0x34fa8a00, 0x350d0000)
    ro space 10240K,  45% used [0x384d0000, 0x38957988, 0x38957a00, 0x38ed0000)
    rw space 12288K,  54% used [0x38ed0000, 0x3955b5d8, 0x3955b600, 0x39ad0000)
GC Heap History (10 events):
Event: 3227.256 GC heap before
{Heap before GC invocations=203 (full 29):
 def new generation   total 77632K, used 70984K [0x144d0000, 0x19900000, 0x1ef70000)
  eden space 69056K, 100% used [0x144d0000, 0x18840000, 0x18840000)
  from space 8576K,  22% used [0x190a0000, 0x19282048, 0x19900000)
  to   space 8576K,   0% used [0x18840000, 0x18840000, 0x190a0000)
 tenured generation   total 172272K, used 138120K [0x1ef70000, 0x297ac000, 0x344d0000)
   the space 172272K,  80% used [0x1ef70000, 0x27652120, 0x27652200, 0x297ac000)
 compacting perm gen  total 12288K, used 11099K [0x344d0000, 0x350d0000, 0x384d0000)
   the space 12288K,  90% used [0x344d0000, 0x34fa6f30, 0x34fa7000, 0x350d0000)
    ro space 10240K,  45% used [0x384d0000, 0x38957988, 0x38957a00, 0x38ed0000)
    rw space 12288K,  54% used [0x38ed0000, 0x3955b5d8, 0x3955b600, 0x39ad0000)
Event: 3227.274 GC heap after
Heap after GC invocations=204 (full 29):
 def new generation   total 77632K, used 2299K [0x144d0000, 0x19900000, 0x1ef70000)
  eden space 69056K,   0% used [0x144d0000, 0x144d0000, 0x18840000)
  from space 8576K,  26% used [0x18840000, 0x18a7ee40, 0x190a0000)
  to   space 8576K,   0% used [0x190a0000, 0x190a0000, 0x19900000)
 tenured generation   total 172272K, used 163726K [0x1ef70000, 0x297ac000, 0x344d0000)
   the space 172272K,  95% used [0x1ef70000, 0x28f53838, 0x28f53a00, 0x297ac000)
 compacting perm gen  total 12288K, used 11099K [0x344d0000, 0x350d0000, 0x384d0000)
   the space 12288K,  90% used [0x344d0000, 0x34fa6f30, 0x34fa7000, 0x350d0000)
    ro space 10240K,  45% used [0x384d0000, 0x38957988, 0x38957a00, 0x38ed0000)
    rw space 12288K,  54% used [0x38ed0000, 0x3955b5d8, 0x3955b600, 0x39ad0000)
}
Event: 3227.471 GC heap before
{Heap before GC invocations=204 (full 29):
 def new generation   total 77632K, used 62558K [0x144d0000, 0x19900000, 0x1ef70000)
  eden space 69056K,  87% used [0x144d0000, 0x17fa8a00, 0x18840000)
  from space 8576K,  26% used [0x18840000, 0x18a7ee40, 0x190a0000)
  to   space 8576K,   0% used [0x190a0000, 0x190a0000, 0x19900000)
 tenured generation   total 172272K, used 163726K [0x1ef70000, 0x297ac000, 0x344d0000)
   the space 172272K,  95% used [0x1ef70000, 0x28f53838, 0x28f53a00, 0x297ac000)
 compacting perm gen  total 12288K, used 11099K [0x344d0000, 0x350d0000, 0x384d0000)
   the space 12288K,  90% used [0x344d0000, 0x34fa6f40, 0x34fa7000, 0x350d0000)
    ro space 10240K,  45% used [0x384d0000, 0x38957988, 0x38957a00, 0x38ed0000)
    rw space 12288K,  54% used [0x38ed0000, 0x3955b5d8, 0x3955b600, 0x39ad0000)
Event: 3227.565 GC heap after
Heap after GC invocations=205 (full 30):
 def new generation   total 77632K, used 0K [0x144d0000, 0x19900000, 0x1ef70000)
  eden space 69056K,   0% used [0x144d0000, 0x144d0000, 0x18840000)
  from space 8576K,   0% used [0x190a0000, 0x190a0000, 0x19900000)
  to   space 8576K,   0% used [0x18840000, 0x18840000, 0x190a0000)
 tenured generation   total 172272K, used 50080K [0x1ef70000, 0x297ac000, 0x344d0000)
   the space 172272K,  29% used [0x1ef70000, 0x22058120, 0x22058200, 0x297ac000)
 compacting perm gen  total 12288K, used 11099K [0x344d0000, 0x350d0000, 0x384d0000)
   the space 12288K,  90% used [0x344d0000, 0x34fa6f40, 0x34fa7000, 0x350d0000)
    ro space 10240K,  45% used [0x384d0000, 0x38957988, 0x38957a00, 0x38ed0000)
    rw space 12288K,  54% used [0x38ed0000, 0x3955b5d8, 0x3955b600, 0x39ad0000)
}
Event: 3295.158 GC heap before
{Heap before GC invocations=205 (full 30):
 def new generation   total 77632K, used 59124K [0x144d0000, 0x19900000, 0x1ef70000)
  eden space 69056K,  85% used [0x144d0000, 0x17e8d0c0, 0x18840000)
  from space 8576K,   0% used [0x190a0000, 0x190a0000, 0x19900000)
  to   space 8576K,   0% used [0x18840000, 0x18840000, 0x190a0000)
 tenured generation   total 172272K, used 50080K [0x1ef70000, 0x297ac000, 0x344d0000)
   the space 172272K,  29% used [0x1ef70000, 0x22058120, 0x22058200, 0x297ac000)
 compacting perm gen  total 12288K, used 11099K [0x344d0000, 0x350d0000, 0x384d0000)
   the space 12288K,  90% used [0x344d0000, 0x34fa6f40, 0x34fa7000, 0x350d0000)
    ro space 10240K,  45% used [0x384d0000, 0x38957988, 0x38957a00, 0x38ed0000)
    rw space 12288K,  54% used [0x38ed0000, 0x3955b5d8, 0x3955b600, 0x39ad0000)
Event: 3295.176 GC heap after
Heap after GC invocations=206 (full 30):
 def new generation   total 77632K, used 948K [0x144d0000, 0x19900000, 0x1ef70000)
  eden space 69056K,   0% used [0x144d0000, 0x144d0000, 0x18840000)
  from space 8576K,  11% used [0x18840000, 0x1892d330, 0x190a0000)
  to   space 8576K,   0% used [0x190a0000, 0x190a0000, 0x19900000)
 tenured generation   total 172272K, used 79317K [0x1ef70000, 0x297ac000, 0x344d0000)
   the space 172272K,  46% used [0x1ef70000, 0x23ce56e0, 0x23ce5800, 0x297ac000)
 compacting perm gen  total 12288K, used 11099K [0x344d0000, 0x350d0000, 0x384d0000)
   the space 12288K,  90% used [0x344d0000, 0x34fa6f40, 0x34fa7000, 0x350d0000)
    ro space 10240K,  45% used [0x384d0000, 0x38957988, 0x38957a00, 0x38ed0000)
    rw space 12288K,  54% used [0x38ed0000, 0x3955b5d8, 0x3955b600, 0x39ad0000)
}
Event: 3295.269 GC heap before
{Heap before GC invocations=206 (full 30):
 def new generation   total 77632K, used 70004K [0x144d0000, 0x19900000, 0x1ef70000)
  eden space 69056K, 100% used [0x144d0000, 0x18840000, 0x18840000)
  from space 8576K,  11% used [0x18840000, 0x1892d380, 0x190a0000)
  to   space 8576K,   0% used [0x190a0000, 0x190a0000, 0x19900000)
 tenured generation   total 172272K, used 79317K [0x1ef70000, 0x297ac000, 0x344d0000)
   the space 172272K,  46% used [0x1ef70000, 0x23ce56e0, 0x23ce5800, 0x297ac000)
 compacting perm gen  total 12288K, used 11099K [0x344d0000, 0x350d0000, 0x384d0000)
   the space 12288K,  90% used [0x344d0000, 0x34fa6f40, 0x34fa7000, 0x350d0000)
    ro space 10240K,  45% used [0x384d0000, 0x38957988, 0x38957a00, 0x38ed0000)
    rw space 12288K,  54% used [0x38ed0000, 0x3955b5d8, 0x3955b600, 0x39ad0000)
Event: 3295.287 GC heap after
Heap after GC invocations=207 (full 30):
 def new generation   total 77632K, used 2293K [0x144d0000, 0x19900000, 0x1ef70000)
  eden space 69056K,   0% used [0x144d0000, 0x144d0000, 0x18840000)
  from space 8576K,  26% used [0x190a0000, 0x192dd728, 0x19900000)
  to   space 8576K,   0% used [0x18840000, 0x18840000, 0x190a0000)
 tenured generation   total 172272K, used 104949K [0x1ef70000, 0x297ac000, 0x344d0000)
   the space 172272K,  60% used [0x1ef70000, 0x255ed690, 0x255ed800, 0x297ac000)
 compacting perm gen  total 12288K, used 11099K [0x344d0000, 0x350d0000, 0x384d0000)
   the space 12288K,  90% used [0x344d0000, 0x34fa6f40, 0x34fa7000, 0x350d0000)
    ro space 10240K,  45% used [0x384d0000, 0x38957988, 0x38957a00, 0x38ed0000)
    rw space 12288K,  54% used [0x38ed0000, 0x3955b5d8, 0x3955b600, 0x39ad0000)
}
Event: 3295.442 GC heap before
{Heap before GC invocations=207 (full 30):
 def new generation   total 77632K, used 57103K [0x144d0000, 0x19900000, 0x1ef70000)
  eden space 69056K,  79% used [0x144d0000, 0x17a567b8, 0x18840000)
  from space 8576K,  26% used [0x190a0000, 0x192dd728, 0x19900000)
  to   space 8576K,   0% used [0x18840000, 0x18840000, 0x190a0000)
 tenured generation   total 172272K, used 119537K [0x1ef70000, 0x297ac000, 0x344d0000)
   the space 172272K,  69% used [0x1ef70000, 0x2642c760, 0x2642c800, 0x297ac000)
 compacting perm gen  total 12288K, used 11099K [0x344d0000, 0x350d0000, 0x384d0000)
   the space 12288K,  90% used [0x344d0000, 0x34fa6f40, 0x34fa7000, 0x350d0000)
    ro space 10240K,  45% used [0x384d0000, 0x38957988, 0x38957a00, 0x38ed0000)
    rw space 12288K,  54% used [0x38ed0000, 0x3955b5d8, 0x3955b600, 0x39ad0000)
Event: 3295.461 GC heap after
Heap after GC invocations=208 (full 30):
 def new generation   total 77632K, used 1990K [0x144d0000, 0x19900000, 0x1ef70000)
  eden space 69056K,   0% used [0x144d0000, 0x144d0000, 0x18840000)
  from space 8576K,  23% used [0x18840000, 0x18a31b50, 0x190a0000)
  to   space 8576K,   0% used [0x190a0000, 0x190a0000, 0x19900000)
 tenured generation   total 172272K, used 145157K [0x1ef70000, 0x297ac000, 0x344d0000)
   the space 172272K,  84% used [0x1ef70000, 0x27d315d8, 0x27d31600, 0x297ac000)
 compacting perm gen  total 12288K, used 11099K [0x344d0000, 0x350d0000, 0x384d0000)
   the space 12288K,  90% used [0x344d0000, 0x34fa6f40, 0x34fa7000, 0x350d0000)
    ro space 10240K,  45% used [0x384d0000, 0x38957988, 0x38957a00, 0x38ed0000)
    rw space 12288K,  54% used [0x38ed0000, 0x3955b5d8, 0x3955b600, 0x39ad0000)
}

