# JRE version: 7.0_15-b03
# Java VM: Java HotSpot(TM) Client VM (23.7-b01 mixed mode, sharing windows-x86 )
Heap
 def new generation   total 24640K, used 3492K [0x23f60000, 0x25a10000, 0x294b0000)
  eden space 21952K,  13% used [0x23f60000, 0x2423fcd8, 0x254d0000)
  from space 2688K,  20% used [0x25770000, 0x257f94a0, 0x25a10000)
  to   space 2688K,   0% used [0x254d0000, 0x254d0000, 0x25770000)
 tenured generation   total 54552K, used 47367K [0x294b0000, 0x2c9f6000, 0x33f60000)
   the space 54552K,  86% used [0x294b0000, 0x2c2f1e48, 0x2c2f2000, 0x2c9f6000)
 compacting perm gen  total 12288K, used 4611K [0x33f60000, 0x34b60000, 0x37f60000)
   the space 12288K,  37% used [0x33f60000, 0x343e0d10, 0x343e0e00, 0x34b60000)
    ro space 10240K,  45% used [0x37f60000, 0x383e7290, 0x383e7400, 0x38960000)
    rw space 12288K,  54% used [0x38960000, 0x38feace8, 0x38feae00, 0x39560000)
GC Heap History (10 events):
Event: 1.820 GC heap before
{Heap before GC invocations=6 (full 2):
 def new generation   total 14848K, used 10234K [0x23f60000, 0x24f70000, 0x294b0000)
  eden space 13248K,  77% used [0x23f60000, 0x2495d4c8, 0x24c50000)
  from space 1600K,   0% used [0x24de0000, 0x24de1700, 0x24f70000)
  to   space 1600K,   0% used [0x24c50000, 0x24c50000, 0x24de0000)
 tenured generation   total 32772K, used 30681K [0x294b0000, 0x2b4b1000, 0x33f60000)
   the space 32772K,  93% used [0x294b0000, 0x2b2a64c8, 0x2b2a6600, 0x2b4b1000)
 compacting perm gen  total 12288K, used 3807K [0x33f60000, 0x34b60000, 0x37f60000)
   the space 12288K,  30% used [0x33f60000, 0x34317ea8, 0x34318000, 0x34b60000)
    ro space 10240K,  45% used [0x37f60000, 0x383e7290, 0x383e7400, 0x38960000)
    rw space 12288K,  54% used [0x38960000, 0x38feace8, 0x38feae00, 0x39560000)
Event: 1.852 GC heap after
Heap after GC invocations=7 (full 3):
 def new generation   total 14848K, used 0K [0x23f60000, 0x24f70000, 0x294b0000)
  eden space 13248K,   0% used [0x23f60000, 0x23f60000, 0x24c50000)
  from space 1600K,   0% used [0x24c50000, 0x24c50000, 0x24de0000)
  to   space 1600K,   0% used [0x24de0000, 0x24de0000, 0x24f70000)
 tenured generation   total 32772K, used 18817K [0x294b0000, 0x2b4b1000, 0x33f60000)
   the space 32772K,  57% used [0x294b0000, 0x2a710460, 0x2a710600, 0x2b4b1000)
 compacting perm gen  total 12288K, used 3807K [0x33f60000, 0x34b60000, 0x37f60000)
   the space 12288K,  30% used [0x33f60000, 0x34317ea8, 0x34318000, 0x34b60000)
    ro space 10240K,  45% used [0x37f60000, 0x383e7290, 0x383e7400, 0x38960000)
    rw space 12288K,  54% used [0x38960000, 0x38feace8, 0x38feae00, 0x39560000)
}
Event: 1.877 GC heap before
{Heap before GC invocations=7 (full 3):
 def new generation   total 14848K, used 13248K [0x23f60000, 0x24f70000, 0x294b0000)
  eden space 13248K, 100% used [0x23f60000, 0x24c50000, 0x24c50000)
  from space 1600K,   0% used [0x24c50000, 0x24c50000, 0x24de0000)
  to   space 1600K,   0% used [0x24de0000, 0x24de0000, 0x24f70000)
 tenured generation   total 47332K, used 33374K [0x294b0000, 0x2c2e9000, 0x33f60000)
   the space 47332K,  70% used [0x294b0000, 0x2b547848, 0x2b547a00, 0x2c2e9000)
 compacting perm gen  total 12288K, used 3807K [0x33f60000, 0x34b60000, 0x37f60000)
   the space 12288K,  30% used [0x33f60000, 0x34317ec8, 0x34318000, 0x34b60000)
    ro space 10240K,  45% used [0x37f60000, 0x383e7290, 0x383e7400, 0x38960000)
    rw space 12288K,  54% used [0x38960000, 0x38feace8, 0x38feae00, 0x39560000)
Event: 1.888 GC heap after
Heap after GC invocations=8 (full 3):
 def new generation   total 14848K, used 711K [0x23f60000, 0x24f70000, 0x294b0000)
  eden space 13248K,   0% used [0x23f60000, 0x23f60000, 0x24c50000)
  from space 1600K,  44% used [0x24de0000, 0x24e91c90, 0x24f70000)
  to   space 1600K,   0% used [0x24c50000, 0x24c50000, 0x24de0000)
 tenured generation   total 47332K, used 44291K [0x294b0000, 0x2c2e9000, 0x33f60000)
   the space 47332K,  93% used [0x294b0000, 0x2bff0f40, 0x2bff1000, 0x2c2e9000)
 compacting perm gen  total 12288K, used 3807K [0x33f60000, 0x34b60000, 0x37f60000)
   the space 12288K,  30% used [0x33f60000, 0x34317ec8, 0x34318000, 0x34b60000)
    ro space 10240K,  45% used [0x37f60000, 0x383e7290, 0x383e7400, 0x38960000)
    rw space 12288K,  54% used [0x38960000, 0x38feace8, 0x38feae00, 0x39560000)
}
Event: 1.978 GC heap before
{Heap before GC invocations=8 (full 3):
 def new generation   total 14848K, used 13959K [0x23f60000, 0x24f70000, 0x294b0000)
  eden space 13248K, 100% used [0x23f60000, 0x24c50000, 0x24c50000)
  from space 1600K,  44% used [0x24de0000, 0x24e91c90, 0x24f70000)
  to   space 1600K,   0% used [0x24c50000, 0x24c50000, 0x24de0000)
 tenured generation   total 47332K, used 44291K [0x294b0000, 0x2c2e9000, 0x33f60000)
   the space 47332K,  93% used [0x294b0000, 0x2bff0f40, 0x2bff1000, 0x2c2e9000)
 compacting perm gen  total 12288K, used 3811K [0x33f60000, 0x34b60000, 0x37f60000)
   the space 12288K,  31% used [0x33f60000, 0x34318cb8, 0x34318e00, 0x34b60000)
    ro space 10240K,  45% used [0x37f60000, 0x383e7290, 0x383e7400, 0x38960000)
    rw space 12288K,  54% used [0x38960000, 0x38feace8, 0x38feae00, 0x39560000)
Event: 1.980 GC heap after
Heap after GC invocations=9 (full 3):
 def new generation   total 14848K, used 1044K [0x23f60000, 0x24f70000, 0x294b0000)
  eden space 13248K,   0% used [0x23f60000, 0x23f60000, 0x24c50000)
  from space 1600K,  65% used [0x24c50000, 0x24d55138, 0x24de0000)
  to   space 1600K,   0% used [0x24de0000, 0x24de0000, 0x24f70000)
 tenured generation   total 47332K, used 44291K [0x294b0000, 0x2c2e9000, 0x33f60000)
   the space 47332K,  93% used [0x294b0000, 0x2bff0f40, 0x2bff1000, 0x2c2e9000)
 compacting perm gen  total 12288K, used 3811K [0x33f60000, 0x34b60000, 0x37f60000)
   the space 12288K,  31% used [0x33f60000, 0x34318cb8, 0x34318e00, 0x34b60000)
    ro space 10240K,  45% used [0x37f60000, 0x383e7290, 0x383e7400, 0x38960000)
    rw space 12288K,  54% used [0x38960000, 0x38feace8, 0x38feae00, 0x39560000)
}
Event: 2.018 GC heap before
{Heap before GC invocations=9 (full 3):
 def new generation   total 14848K, used 3455K [0x23f60000, 0x24f70000, 0x294b0000)
  eden space 13248K,  18% used [0x23f60000, 0x241bac28, 0x24c50000)
  from space 1600K,  65% used [0x24c50000, 0x24d55138, 0x24de0000)
  to   space 1600K,   0% used [0x24de0000, 0x24de0000, 0x24f70000)
 tenured generation   total 47332K, used 44291K [0x294b0000, 0x2c2e9000, 0x33f60000)
   the space 47332K,  93% used [0x294b0000, 0x2bff0f40, 0x2bff1000, 0x2c2e9000)
 compacting perm gen  total 12288K, used 3862K [0x33f60000, 0x34b60000, 0x37f60000)
   the space 12288K,  31% used [0x33f60000, 0x343258b0, 0x34325a00, 0x34b60000)
    ro space 10240K,  45% used [0x37f60000, 0x383e7290, 0x383e7400, 0x38960000)
    rw space 12288K,  54% used [0x38960000, 0x38feace8, 0x38feae00, 0x39560000)
Event: 2.070 GC heap after
Heap after GC invocations=10 (full 4):
 def new generation   total 24640K, used 0K [0x23f60000, 0x25a10000, 0x294b0000)
  eden space 21952K,   0% used [0x23f60000, 0x23f60000, 0x254d0000)
  from space 2688K,   0% used [0x254d0000, 0x254d0000, 0x25770000)
  to   space 2688K,   0% used [0x25770000, 0x25770000, 0x25a10000)
 tenured generation   total 54552K, used 32729K [0x294b0000, 0x2c9f6000, 0x33f60000)
   the space 54552K,  59% used [0x294b0000, 0x2b4a65b8, 0x2b4a6600, 0x2c9f6000)
 compacting perm gen  total 12288K, used 3860K [0x33f60000, 0x34b60000, 0x37f60000)
   the space 12288K,  31% used [0x33f60000, 0x343253b8, 0x34325400, 0x34b60000)
    ro space 10240K,  45% used [0x37f60000, 0x383e7290, 0x383e7400, 0x38960000)
    rw space 12288K,  54% used [0x38960000, 0x38feace8, 0x38feae00, 0x39560000)
}
Event: 2.188 GC heap before
{Heap before GC invocations=10 (full 4):
 def new generation   total 24640K, used 21952K [0x23f60000, 0x25a10000, 0x294b0000)
  eden space 21952K, 100% used [0x23f60000, 0x254d0000, 0x254d0000)
  from space 2688K,   0% used [0x254d0000, 0x254d0000, 0x25770000)
  to   space 2688K,   0% used [0x25770000, 0x25770000, 0x25a10000)
 tenured generation   total 54552K, used 32729K [0x294b0000, 0x2c9f6000, 0x33f60000)
   the space 54552K,  59% used [0x294b0000, 0x2b4a65b8, 0x2b4a6600, 0x2c9f6000)
 compacting perm gen  total 12288K, used 4201K [0x33f60000, 0x34b60000, 0x37f60000)
   the space 12288K,  34% used [0x33f60000, 0x3437a498, 0x3437a600, 0x34b60000)
    ro space 10240K,  45% used [0x37f60000, 0x383e7290, 0x383e7400, 0x38960000)
    rw space 12288K,  54% used [0x38960000, 0x38feace8, 0x38feae00, 0x39560000)
Event: 2.199 GC heap after
Heap after GC invocations=11 (full 4):
 def new generation   total 24640K, used 549K [0x23f60000, 0x25a10000, 0x294b0000)
  eden space 21952K,   0% used [0x23f60000, 0x23f60000, 0x254d0000)
  from space 2688K,  20% used [0x25770000, 0x257f94a0, 0x25a10000)
  to   space 2688K,   0% used [0x254d0000, 0x254d0000, 0x25770000)
 tenured generation   total 54552K, used 47367K [0x294b0000, 0x2c9f6000, 0x33f60000)
   the space 54552K,  86% used [0x294b0000, 0x2c2f1e48, 0x2c2f2000, 0x2c9f6000)
 compacting perm gen  total 12288K, used 4201K [0x33f60000, 0x34b60000, 0x37f60000)
   the space 12288K,  34% used [0x33f60000, 0x3437a498, 0x3437a600, 0x34b60000)
    ro space 10240K,  45% used [0x37f60000, 0x383e7290, 0x383e7400, 0x38960000)
    rw space 12288K,  54% used [0x38960000, 0x38feace8, 0x38feae00, 0x39560000)
}

