# JRE version: 7.0_15-b03
# Java VM: Java HotSpot(TM) Client VM (23.7-b01 mixed mode, sharing windows-x86 )
Heap
 def new generation   total 24768K, used 1976K [0x23f60000, 0x25a30000, 0x294b0000)
  eden space 22080K,   6% used [0x23f60000, 0x240b1c10, 0x254f0000)
  from space 2688K,  23% used [0x25790000, 0x2582c780, 0x25a30000)
  to   space 2688K,   0% used [0x254f0000, 0x254f0000, 0x25790000)
 tenured generation   total 54860K, used 47552K [0x294b0000, 0x2ca43000, 0x33f60000)
   the space 54860K,  86% used [0x294b0000, 0x2c320180, 0x2c320200, 0x2ca43000)
 compacting perm gen  total 12288K, used 4611K [0x33f60000, 0x34b60000, 0x37f60000)
   the space 12288K,  37% used [0x33f60000, 0x343e0cd0, 0x343e0e00, 0x34b60000)
    ro space 10240K,  45% used [0x37f60000, 0x383e7290, 0x383e7400, 0x38960000)
    rw space 12288K,  54% used [0x38960000, 0x38feace8, 0x38feae00, 0x39560000)
GC Heap History (10 events):
Event: 2.472 GC heap before
{Heap before GC invocations=6 (full 2):
 def new generation   total 14848K, used 10351K [0x23f60000, 0x24f70000, 0x294b0000)
  eden space 13248K,  78% used [0x23f60000, 0x2497a718, 0x24c50000)
  from space 1600K,   0% used [0x24de0000, 0x24de1758, 0x24f70000)
  to   space 1600K,   0% used [0x24c50000, 0x24c50000, 0x24de0000)
 tenured generation   total 32736K, used 30661K [0x294b0000, 0x2b4a8000, 0x33f60000)
   the space 32736K,  93% used [0x294b0000, 0x2b2a1520, 0x2b2a1600, 0x2b4a8000)
 compacting perm gen  total 12288K, used 3807K [0x33f60000, 0x34b60000, 0x37f60000)
   the space 12288K,  30% used [0x33f60000, 0x34317f48, 0x34318000, 0x34b60000)
    ro space 10240K,  45% used [0x37f60000, 0x383e7290, 0x383e7400, 0x38960000)
    rw space 12288K,  54% used [0x38960000, 0x38feace8, 0x38feae00, 0x39560000)
Event: 2.503 GC heap after
Heap after GC invocations=7 (full 3):
 def new generation   total 14848K, used 0K [0x23f60000, 0x24f70000, 0x294b0000)
  eden space 13248K,   0% used [0x23f60000, 0x23f60000, 0x24c50000)
  from space 1600K,   0% used [0x24c50000, 0x24c50000, 0x24de0000)
  to   space 1600K,   0% used [0x24de0000, 0x24de0000, 0x24f70000)
 tenured generation   total 32736K, used 18799K [0x294b0000, 0x2b4a8000, 0x33f60000)
   the space 32736K,  57% used [0x294b0000, 0x2a70bde8, 0x2a70be00, 0x2b4a8000)
 compacting perm gen  total 12288K, used 3807K [0x33f60000, 0x34b60000, 0x37f60000)
   the space 12288K,  30% used [0x33f60000, 0x34317f48, 0x34318000, 0x34b60000)
    ro space 10240K,  45% used [0x37f60000, 0x383e7290, 0x383e7400, 0x38960000)
    rw space 12288K,  54% used [0x38960000, 0x38feace8, 0x38feae00, 0x39560000)
}
Event: 2.529 GC heap before
{Heap before GC invocations=7 (full 3):
 def new generation   total 14848K, used 13248K [0x23f60000, 0x24f70000, 0x294b0000)
  eden space 13248K, 100% used [0x23f60000, 0x24c50000, 0x24c50000)
  from space 1600K,   0% used [0x24c50000, 0x24c50000, 0x24de0000)
  to   space 1600K,   0% used [0x24de0000, 0x24de0000, 0x24f70000)
 tenured generation   total 47296K, used 33356K [0x294b0000, 0x2c2e0000, 0x33f60000)
   the space 47296K,  70% used [0x294b0000, 0x2b5431d0, 0x2b543200, 0x2c2e0000)
 compacting perm gen  total 12288K, used 3807K [0x33f60000, 0x34b60000, 0x37f60000)
   the space 12288K,  30% used [0x33f60000, 0x34317f68, 0x34318000, 0x34b60000)
    ro space 10240K,  45% used [0x37f60000, 0x383e7290, 0x383e7400, 0x38960000)
    rw space 12288K,  54% used [0x38960000, 0x38feace8, 0x38feae00, 0x39560000)
Event: 2.542 GC heap after
Heap after GC invocations=8 (full 3):
 def new generation   total 14848K, used 705K [0x23f60000, 0x24f70000, 0x294b0000)
  eden space 13248K,   0% used [0x23f60000, 0x23f60000, 0x24c50000)
  from space 1600K,  44% used [0x24de0000, 0x24e907e8, 0x24f70000)
  to   space 1600K,   0% used [0x24c50000, 0x24c50000, 0x24de0000)
 tenured generation   total 47296K, used 44274K [0x294b0000, 0x2c2e0000, 0x33f60000)
   the space 47296K,  93% used [0x294b0000, 0x2bfec8c8, 0x2bfeca00, 0x2c2e0000)
 compacting perm gen  total 12288K, used 3807K [0x33f60000, 0x34b60000, 0x37f60000)
   the space 12288K,  30% used [0x33f60000, 0x34317f68, 0x34318000, 0x34b60000)
    ro space 10240K,  45% used [0x37f60000, 0x383e7290, 0x383e7400, 0x38960000)
    rw space 12288K,  54% used [0x38960000, 0x38feace8, 0x38feae00, 0x39560000)
}
Event: 2.617 GC heap before
{Heap before GC invocations=8 (full 3):
 def new generation   total 14848K, used 13953K [0x23f60000, 0x24f70000, 0x294b0000)
  eden space 13248K, 100% used [0x23f60000, 0x24c50000, 0x24c50000)
  from space 1600K,  44% used [0x24de0000, 0x24e907e8, 0x24f70000)
  to   space 1600K,   0% used [0x24c50000, 0x24c50000, 0x24de0000)
 tenured generation   total 47296K, used 44274K [0x294b0000, 0x2c2e0000, 0x33f60000)
   the space 47296K,  93% used [0x294b0000, 0x2bfec8c8, 0x2bfeca00, 0x2c2e0000)
 compacting perm gen  total 12288K, used 3952K [0x33f60000, 0x34b60000, 0x37f60000)
   the space 12288K,  32% used [0x33f60000, 0x3433c308, 0x3433c400, 0x34b60000)
    ro space 10240K,  45% used [0x37f60000, 0x383e7290, 0x383e7400, 0x38960000)
    rw space 12288K,  54% used [0x38960000, 0x38feace8, 0x38feae00, 0x39560000)
Event: 2.620 GC heap after
Heap after GC invocations=9 (full 3):
 def new generation   total 14848K, used 1239K [0x23f60000, 0x24f70000, 0x294b0000)
  eden space 13248K,   0% used [0x23f60000, 0x23f60000, 0x24c50000)
  from space 1600K,  77% used [0x24c50000, 0x24d85dd0, 0x24de0000)
  to   space 1600K,   0% used [0x24de0000, 0x24de0000, 0x24f70000)
 tenured generation   total 47296K, used 44274K [0x294b0000, 0x2c2e0000, 0x33f60000)
   the space 47296K,  93% used [0x294b0000, 0x2bfec8c8, 0x2bfeca00, 0x2c2e0000)
 compacting perm gen  total 12288K, used 3952K [0x33f60000, 0x34b60000, 0x37f60000)
   the space 12288K,  32% used [0x33f60000, 0x3433c308, 0x3433c400, 0x34b60000)
    ro space 10240K,  45% used [0x37f60000, 0x383e7290, 0x383e7400, 0x38960000)
    rw space 12288K,  54% used [0x38960000, 0x38feace8, 0x38feae00, 0x39560000)
}
Event: 2.668 GC heap before
{Heap before GC invocations=9 (full 3):
 def new generation   total 14848K, used 5588K [0x23f60000, 0x24f70000, 0x294b0000)
  eden space 13248K,  32% used [0x23f60000, 0x2439f530, 0x24c50000)
  from space 1600K,  77% used [0x24c50000, 0x24d85dd0, 0x24de0000)
  to   space 1600K,   0% used [0x24de0000, 0x24de0000, 0x24f70000)
 tenured generation   total 47296K, used 44274K [0x294b0000, 0x2c2e0000, 0x33f60000)
   the space 47296K,  93% used [0x294b0000, 0x2bfec8c8, 0x2bfeca00, 0x2c2e0000)
 compacting perm gen  total 12288K, used 4058K [0x33f60000, 0x34b60000, 0x37f60000)
   the space 12288K,  33% used [0x33f60000, 0x34356bf8, 0x34356c00, 0x34b60000)
    ro space 10240K,  45% used [0x37f60000, 0x383e7290, 0x383e7400, 0x38960000)
    rw space 12288K,  54% used [0x38960000, 0x38feace8, 0x38feae00, 0x39560000)
Event: 2.723 GC heap after
Heap after GC invocations=10 (full 4):
 def new generation   total 24768K, used 0K [0x23f60000, 0x25a30000, 0x294b0000)
  eden space 22080K,   0% used [0x23f60000, 0x23f60000, 0x254f0000)
  from space 2688K,   0% used [0x254f0000, 0x254f0000, 0x25790000)
  to   space 2688K,   0% used [0x25790000, 0x25790000, 0x25a30000)
 tenured generation   total 54860K, used 32914K [0x294b0000, 0x2ca43000, 0x33f60000)
   the space 54860K,  59% used [0x294b0000, 0x2b4d48f0, 0x2b4d4a00, 0x2ca43000)
 compacting perm gen  total 12288K, used 4057K [0x33f60000, 0x34b60000, 0x37f60000)
   the space 12288K,  33% used [0x33f60000, 0x34356670, 0x34356800, 0x34b60000)
    ro space 10240K,  45% used [0x37f60000, 0x383e7290, 0x383e7400, 0x38960000)
    rw space 12288K,  54% used [0x38960000, 0x38feace8, 0x38feae00, 0x39560000)
}
Event: 2.929 GC heap before
{Heap before GC invocations=10 (full 4):
 def new generation   total 24768K, used 22080K [0x23f60000, 0x25a30000, 0x294b0000)
  eden space 22080K, 100% used [0x23f60000, 0x254f0000, 0x254f0000)
  from space 2688K,   0% used [0x254f0000, 0x254f0000, 0x25790000)
  to   space 2688K,   0% used [0x25790000, 0x25790000, 0x25a30000)
 tenured generation   total 54860K, used 32914K [0x294b0000, 0x2ca43000, 0x33f60000)
   the space 54860K,  59% used [0x294b0000, 0x2b4d48f0, 0x2b4d4a00, 0x2ca43000)
 compacting perm gen  total 12288K, used 4424K [0x33f60000, 0x34b60000, 0x37f60000)
   the space 12288K,  36% used [0x33f60000, 0x343b20b8, 0x343b2200, 0x34b60000)
    ro space 10240K,  45% used [0x37f60000, 0x383e7290, 0x383e7400, 0x38960000)
    rw space 12288K,  54% used [0x38960000, 0x38feace8, 0x38feae00, 0x39560000)
Event: 2.940 GC heap after
Heap after GC invocations=11 (full 4):
 def new generation   total 24768K, used 625K [0x23f60000, 0x25a30000, 0x294b0000)
  eden space 22080K,   0% used [0x23f60000, 0x23f60000, 0x254f0000)
  from space 2688K,  23% used [0x25790000, 0x2582c780, 0x25a30000)
  to   space 2688K,   0% used [0x254f0000, 0x254f0000, 0x25790000)
 tenured generation   total 54860K, used 47552K [0x294b0000, 0x2ca43000, 0x33f60000)
   the space 54860K,  86% used [0x294b0000, 0x2c320180, 0x2c320200, 0x2ca43000)
 compacting perm gen  total 12288K, used 4424K [0x33f60000, 0x34b60000, 0x37f60000)
   the space 12288K,  36% used [0x33f60000, 0x343b20b8, 0x343b2200, 0x34b60000)
    ro space 10240K,  45% used [0x37f60000, 0x383e7290, 0x383e7400, 0x38960000)
    rw space 12288K,  54% used [0x38960000, 0x38feace8, 0x38feae00, 0x39560000)
}

