# JRE version: 7.0_15-b03
# Java VM: Java HotSpot(TM) Client VM (23.7-b01 mixed mode, sharing windows-x86 )
Heap
 def new generation   total 24640K, used 3504K [0x23f60000, 0x25a10000, 0x294b0000)
  eden space 21952K,  13% used [0x23f60000, 0x2423fa18, 0x254d0000)
  from space 2688K,  20% used [0x25770000, 0x257fc928, 0x25a10000)
  to   space 2688K,   0% used [0x254d0000, 0x254d0000, 0x25770000)
 tenured generation   total 54516K, used 47346K [0x294b0000, 0x2c9ed000, 0x33f60000)
   the space 54516K,  86% used [0x294b0000, 0x2c2ec9f0, 0x2c2eca00, 0x2c9ed000)
 compacting perm gen  total 12288K, used 4611K [0x33f60000, 0x34b60000, 0x37f60000)
   the space 12288K,  37% used [0x33f60000, 0x343e0d08, 0x343e0e00, 0x34b60000)
    ro space 10240K,  45% used [0x37f60000, 0x383e7290, 0x383e7400, 0x38960000)
    rw space 12288K,  54% used [0x38960000, 0x38feace8, 0x38feae00, 0x39560000)
GC Heap History (10 events):
Event: 1.586 GC heap before
{Heap before GC invocations=6 (full 2):
 def new generation   total 14784K, used 10501K [0x23f60000, 0x24f60000, 0x294b0000)
  eden space 13184K,  79% used [0x23f60000, 0x2499feb0, 0x24c40000)
  from space 1600K,   0% used [0x24dd0000, 0x24dd1700, 0x24f60000)
  to   space 1600K,   0% used [0x24c40000, 0x24c40000, 0x24dd0000)
 tenured generation   total 32720K, used 30649K [0x294b0000, 0x2b4a4000, 0x33f60000)
   the space 32720K,  93% used [0x294b0000, 0x2b29e5a0, 0x2b29e600, 0x2b4a4000)
 compacting perm gen  total 12288K, used 3807K [0x33f60000, 0x34b60000, 0x37f60000)
   the space 12288K,  30% used [0x33f60000, 0x34317ea0, 0x34318000, 0x34b60000)
    ro space 10240K,  45% used [0x37f60000, 0x383e7290, 0x383e7400, 0x38960000)
    rw space 12288K,  54% used [0x38960000, 0x38feace8, 0x38feae00, 0x39560000)
Event: 1.619 GC heap after
Heap after GC invocations=7 (full 3):
 def new generation   total 14784K, used 0K [0x23f60000, 0x24f60000, 0x294b0000)
  eden space 13184K,   0% used [0x23f60000, 0x23f60000, 0x24c40000)
  from space 1600K,   0% used [0x24c40000, 0x24c40000, 0x24dd0000)
  to   space 1600K,   0% used [0x24dd0000, 0x24dd0000, 0x24f60000)
 tenured generation   total 32720K, used 18786K [0x294b0000, 0x2b4a4000, 0x33f60000)
   the space 32720K,  57% used [0x294b0000, 0x2a708a98, 0x2a708c00, 0x2b4a4000)
 compacting perm gen  total 12288K, used 3807K [0x33f60000, 0x34b60000, 0x37f60000)
   the space 12288K,  30% used [0x33f60000, 0x34317ea0, 0x34318000, 0x34b60000)
    ro space 10240K,  45% used [0x37f60000, 0x383e7290, 0x383e7400, 0x38960000)
    rw space 12288K,  54% used [0x38960000, 0x38feace8, 0x38feae00, 0x39560000)
}
Event: 1.646 GC heap before
{Heap before GC invocations=7 (full 3):
 def new generation   total 14784K, used 13184K [0x23f60000, 0x24f60000, 0x294b0000)
  eden space 13184K, 100% used [0x23f60000, 0x24c40000, 0x24c40000)
  from space 1600K,   0% used [0x24c40000, 0x24c40000, 0x24dd0000)
  to   space 1600K,   0% used [0x24dd0000, 0x24dd0000, 0x24f60000)
 tenured generation   total 47280K, used 33343K [0x294b0000, 0x2c2dc000, 0x33f60000)
   the space 47280K,  70% used [0x294b0000, 0x2b53fe80, 0x2b540000, 0x2c2dc000)
 compacting perm gen  total 12288K, used 3807K [0x33f60000, 0x34b60000, 0x37f60000)
   the space 12288K,  30% used [0x33f60000, 0x34317ec0, 0x34318000, 0x34b60000)
    ro space 10240K,  45% used [0x37f60000, 0x383e7290, 0x383e7400, 0x38960000)
    rw space 12288K,  54% used [0x38960000, 0x38feace8, 0x38feae00, 0x39560000)
Event: 1.657 GC heap after
Heap after GC invocations=8 (full 3):
 def new generation   total 14784K, used 711K [0x23f60000, 0x24f60000, 0x294b0000)
  eden space 13184K,   0% used [0x23f60000, 0x23f60000, 0x24c40000)
  from space 1600K,  44% used [0x24dd0000, 0x24e81c88, 0x24f60000)
  to   space 1600K,   0% used [0x24c40000, 0x24c40000, 0x24dd0000)
 tenured generation   total 47280K, used 44261K [0x294b0000, 0x2c2dc000, 0x33f60000)
   the space 47280K,  93% used [0x294b0000, 0x2bfe9578, 0x2bfe9600, 0x2c2dc000)
 compacting perm gen  total 12288K, used 3807K [0x33f60000, 0x34b60000, 0x37f60000)
   the space 12288K,  30% used [0x33f60000, 0x34317ec0, 0x34318000, 0x34b60000)
    ro space 10240K,  45% used [0x37f60000, 0x383e7290, 0x383e7400, 0x38960000)
    rw space 12288K,  54% used [0x38960000, 0x38feace8, 0x38feae00, 0x39560000)
}
Event: 1.748 GC heap before
{Heap before GC invocations=8 (full 3):
 def new generation   total 14784K, used 13895K [0x23f60000, 0x24f60000, 0x294b0000)
  eden space 13184K, 100% used [0x23f60000, 0x24c40000, 0x24c40000)
  from space 1600K,  44% used [0x24dd0000, 0x24e81c88, 0x24f60000)
  to   space 1600K,   0% used [0x24c40000, 0x24c40000, 0x24dd0000)
 tenured generation   total 47280K, used 44261K [0x294b0000, 0x2c2dc000, 0x33f60000)
   the space 47280K,  93% used [0x294b0000, 0x2bfe9578, 0x2bfe9600, 0x2c2dc000)
 compacting perm gen  total 12288K, used 3811K [0x33f60000, 0x34b60000, 0x37f60000)
   the space 12288K,  31% used [0x33f60000, 0x34318cb0, 0x34318e00, 0x34b60000)
    ro space 10240K,  45% used [0x37f60000, 0x383e7290, 0x383e7400, 0x38960000)
    rw space 12288K,  54% used [0x38960000, 0x38feace8, 0x38feae00, 0x39560000)
Event: 1.750 GC heap after
Heap after GC invocations=9 (full 3):
 def new generation   total 14784K, used 1050K [0x23f60000, 0x24f60000, 0x294b0000)
  eden space 13184K,   0% used [0x23f60000, 0x23f60000, 0x24c40000)
  from space 1600K,  65% used [0x24c40000, 0x24d46be8, 0x24dd0000)
  to   space 1600K,   0% used [0x24dd0000, 0x24dd0000, 0x24f60000)
 tenured generation   total 47280K, used 44261K [0x294b0000, 0x2c2dc000, 0x33f60000)
   the space 47280K,  93% used [0x294b0000, 0x2bfe9578, 0x2bfe9600, 0x2c2dc000)
 compacting perm gen  total 12288K, used 3811K [0x33f60000, 0x34b60000, 0x37f60000)
   the space 12288K,  31% used [0x33f60000, 0x34318cb0, 0x34318e00, 0x34b60000)
    ro space 10240K,  45% used [0x37f60000, 0x383e7290, 0x383e7400, 0x38960000)
    rw space 12288K,  54% used [0x38960000, 0x38feace8, 0x38feae00, 0x39560000)
}
Event: 1.784 GC heap before
{Heap before GC invocations=9 (full 3):
 def new generation   total 14784K, used 3222K [0x23f60000, 0x24f60000, 0x294b0000)
  eden space 13184K,  16% used [0x23f60000, 0x2417ecb0, 0x24c40000)
  from space 1600K,  65% used [0x24c40000, 0x24d46be8, 0x24dd0000)
  to   space 1600K,   0% used [0x24dd0000, 0x24dd0000, 0x24f60000)
 tenured generation   total 47280K, used 44261K [0x294b0000, 0x2c2dc000, 0x33f60000)
   the space 47280K,  93% used [0x294b0000, 0x2bfe9578, 0x2bfe9600, 0x2c2dc000)
 compacting perm gen  total 12288K, used 3811K [0x33f60000, 0x34b60000, 0x37f60000)
   the space 12288K,  31% used [0x33f60000, 0x34318cb0, 0x34318e00, 0x34b60000)
    ro space 10240K,  45% used [0x37f60000, 0x383e7290, 0x383e7400, 0x38960000)
    rw space 12288K,  54% used [0x38960000, 0x38feace8, 0x38feae00, 0x39560000)
Event: 1.838 GC heap after
Heap after GC invocations=10 (full 4):
 def new generation   total 24640K, used 0K [0x23f60000, 0x25a10000, 0x294b0000)
  eden space 21952K,   0% used [0x23f60000, 0x23f60000, 0x254d0000)
  from space 2688K,   0% used [0x254d0000, 0x254d0000, 0x25770000)
  to   space 2688K,   0% used [0x25770000, 0x25770000, 0x25a10000)
 tenured generation   total 54516K, used 32708K [0x294b0000, 0x2c9ed000, 0x33f60000)
   the space 54516K,  59% used [0x294b0000, 0x2b4a1160, 0x2b4a1200, 0x2c9ed000)
 compacting perm gen  total 12288K, used 3809K [0x33f60000, 0x34b60000, 0x37f60000)
   the space 12288K,  31% used [0x33f60000, 0x343187b8, 0x34318800, 0x34b60000)
    ro space 10240K,  45% used [0x37f60000, 0x383e7290, 0x383e7400, 0x38960000)
    rw space 12288K,  54% used [0x38960000, 0x38feace8, 0x38feae00, 0x39560000)
}
Event: 1.990 GC heap before
{Heap before GC invocations=10 (full 4):
 def new generation   total 24640K, used 21952K [0x23f60000, 0x25a10000, 0x294b0000)
  eden space 21952K, 100% used [0x23f60000, 0x254d0000, 0x254d0000)
  from space 2688K,   0% used [0x254d0000, 0x254d0000, 0x25770000)
  to   space 2688K,   0% used [0x25770000, 0x25770000, 0x25a10000)
 tenured generation   total 54516K, used 32708K [0x294b0000, 0x2c9ed000, 0x33f60000)
   the space 54516K,  59% used [0x294b0000, 0x2b4a1160, 0x2b4a1200, 0x2c9ed000)
 compacting perm gen  total 12288K, used 4192K [0x33f60000, 0x34b60000, 0x37f60000)
   the space 12288K,  34% used [0x33f60000, 0x34378308, 0x34378400, 0x34b60000)
    ro space 10240K,  45% used [0x37f60000, 0x383e7290, 0x383e7400, 0x38960000)
    rw space 12288K,  54% used [0x38960000, 0x38feace8, 0x38feae00, 0x39560000)
Event: 2.002 GC heap after
Heap after GC invocations=11 (full 4):
 def new generation   total 24640K, used 562K [0x23f60000, 0x25a10000, 0x294b0000)
  eden space 21952K,   0% used [0x23f60000, 0x23f60000, 0x254d0000)
  from space 2688K,  20% used [0x25770000, 0x257fc928, 0x25a10000)
  to   space 2688K,   0% used [0x254d0000, 0x254d0000, 0x25770000)
 tenured generation   total 54516K, used 47346K [0x294b0000, 0x2c9ed000, 0x33f60000)
   the space 54516K,  86% used [0x294b0000, 0x2c2ec9f0, 0x2c2eca00, 0x2c9ed000)
 compacting perm gen  total 12288K, used 4192K [0x33f60000, 0x34b60000, 0x37f60000)
   the space 12288K,  34% used [0x33f60000, 0x34378308, 0x34378400, 0x34b60000)
    ro space 10240K,  45% used [0x37f60000, 0x383e7290, 0x383e7400, 0x38960000)
    rw space 12288K,  54% used [0x38960000, 0x38feace8, 0x38feae00, 0x39560000)
}

