# JRE version: 7.0_15-b03
# Java VM: Java HotSpot(TM) Client VM (23.7-b01 mixed mode, sharing windows-x86 )
Heap
 def new generation   total 27328K, used 6603K [0x23f60000, 0x25d00000, 0x294b0000)
  eden space 24320K,  24% used [0x23f60000, 0x2453efe8, 0x25720000)
  from space 3008K,  19% used [0x25a10000, 0x25aa3e58, 0x25d00000)
  to   space 3008K,   0% used [0x25720000, 0x25720000, 0x25a10000)
 tenured generation   total 60608K, used 51001K [0x294b0000, 0x2cfe0000, 0x33f60000)
   the space 60608K,  84% used [0x294b0000, 0x2c67e488, 0x2c67e600, 0x2cfe0000)
 compacting perm gen  total 12288K, used 4618K [0x33f60000, 0x34b60000, 0x37f60000)
   the space 12288K,  37% used [0x33f60000, 0x343e2a38, 0x343e2c00, 0x34b60000)
    ro space 10240K,  45% used [0x37f60000, 0x383e7290, 0x383e7400, 0x38960000)
    rw space 12288K,  54% used [0x38960000, 0x38feace8, 0x38feae00, 0x39560000)
GC Heap History (10 events):
Event: 1.932 GC heap before
{Heap before GC invocations=5 (full 2):
 def new generation   total 14784K, used 13183K [0x23f60000, 0x24f60000, 0x294b0000)
  eden space 13184K,  99% used [0x23f60000, 0x24c3fcd0, 0x24c40000)
  from space 1600K,   0% used [0x24c40000, 0x24c40000, 0x24dd0000)
  to   space 1600K,   0% used [0x24dd0000, 0x24dd0000, 0x24f60000)
 tenured generation   total 32712K, used 19625K [0x294b0000, 0x2b4a2000, 0x33f60000)
   the space 32712K,  59% used [0x294b0000, 0x2a7da6b0, 0x2a7da800, 0x2b4a2000)
 compacting perm gen  total 12288K, used 3767K [0x33f60000, 0x34b60000, 0x37f60000)
   the space 12288K,  30% used [0x33f60000, 0x3430de90, 0x3430e000, 0x34b60000)
    ro space 10240K,  45% used [0x37f60000, 0x383e7290, 0x383e7400, 0x38960000)
    rw space 12288K,  54% used [0x38960000, 0x38feace8, 0x38feae00, 0x39560000)
Event: 1.941 GC heap after
Heap after GC invocations=6 (full 2):
 def new generation   total 14784K, used 5K [0x23f60000, 0x24f60000, 0x294b0000)
  eden space 13184K,   0% used [0x23f60000, 0x23f60000, 0x24c40000)
  from space 1600K,   0% used [0x24dd0000, 0x24dd1758, 0x24f60000)
  to   space 1600K,   0% used [0x24c40000, 0x24c40000, 0x24dd0000)
 tenured generation   total 32712K, used 30645K [0x294b0000, 0x2b4a2000, 0x33f60000)
   the space 32712K,  93% used [0x294b0000, 0x2b29d5b0, 0x2b29d600, 0x2b4a2000)
 compacting perm gen  total 12288K, used 3767K [0x33f60000, 0x34b60000, 0x37f60000)
   the space 12288K,  30% used [0x33f60000, 0x3430de90, 0x3430e000, 0x34b60000)
    ro space 10240K,  45% used [0x37f60000, 0x383e7290, 0x383e7400, 0x38960000)
    rw space 12288K,  54% used [0x38960000, 0x38feace8, 0x38feae00, 0x39560000)
}
Event: 2.078 GC heap before
{Heap before GC invocations=6 (full 2):
 def new generation   total 14784K, used 12100K [0x23f60000, 0x24f60000, 0x294b0000)
  eden space 13184K,  91% used [0x23f60000, 0x24b2f9c8, 0x24c40000)
  from space 1600K,   0% used [0x24dd0000, 0x24dd1758, 0x24f60000)
  to   space 1600K,   0% used [0x24c40000, 0x24c40000, 0x24dd0000)
 tenured generation   total 47272K, used 45202K [0x294b0000, 0x2c2da000, 0x33f60000)
   the space 47272K,  95% used [0x294b0000, 0x2c0d4998, 0x2c0d4a00, 0x2c2da000)
 compacting perm gen  total 12288K, used 3787K [0x33f60000, 0x34b60000, 0x37f60000)
   the space 12288K,  30% used [0x33f60000, 0x34312d40, 0x34312e00, 0x34b60000)
    ro space 10240K,  45% used [0x37f60000, 0x383e7290, 0x383e7400, 0x38960000)
    rw space 12288K,  54% used [0x38960000, 0x38feace8, 0x38feae00, 0x39560000)
Event: 2.081 GC heap after
Heap after GC invocations=7 (full 2):
 def new generation   total 14784K, used 634K [0x23f60000, 0x24f60000, 0x294b0000)
  eden space 13184K,   0% used [0x23f60000, 0x23f60000, 0x24c40000)
  from space 1600K,  39% used [0x24c40000, 0x24cde880, 0x24dd0000)
  to   space 1600K,   0% used [0x24dd0000, 0x24dd0000, 0x24f60000)
 tenured generation   total 47272K, used 47000K [0x294b0000, 0x2c2da000, 0x33f60000)
   the space 47272K,  99% used [0x294b0000, 0x2c296338, 0x2c296400, 0x2c2da000)
 compacting perm gen  total 12288K, used 3787K [0x33f60000, 0x34b60000, 0x37f60000)
   the space 12288K,  30% used [0x33f60000, 0x34312d40, 0x34312e00, 0x34b60000)
    ro space 10240K,  45% used [0x37f60000, 0x383e7290, 0x383e7400, 0x38960000)
    rw space 12288K,  54% used [0x38960000, 0x38feace8, 0x38feae00, 0x39560000)
}
Event: 2.102 GC heap before
{Heap before GC invocations=7 (full 2):
 def new generation   total 14784K, used 3488K [0x23f60000, 0x24f60000, 0x294b0000)
  eden space 13184K,  21% used [0x23f60000, 0x242297e8, 0x24c40000)
  from space 1600K,  39% used [0x24c40000, 0x24cde880, 0x24dd0000)
  to   space 1600K,   0% used [0x24dd0000, 0x24dd0000, 0x24f60000)
 tenured generation   total 58192K, used 57918K [0x294b0000, 0x2cd84000, 0x33f60000)
   the space 58192K,  99% used [0x294b0000, 0x2cd3fa30, 0x2cd3fc00, 0x2cd84000)
 compacting perm gen  total 12288K, used 3787K [0x33f60000, 0x34b60000, 0x37f60000)
   the space 12288K,  30% used [0x33f60000, 0x34312d60, 0x34312e00, 0x34b60000)
    ro space 10240K,  45% used [0x37f60000, 0x383e7290, 0x383e7400, 0x38960000)
    rw space 12288K,  54% used [0x38960000, 0x38feace8, 0x38feae00, 0x39560000)
Event: 2.105 GC heap after
Heap after GC invocations=8 (full 2):
 def new generation   total 14784K, used 1230K [0x23f60000, 0x24f60000, 0x294b0000)
  eden space 13184K,   0% used [0x23f60000, 0x23f60000, 0x24c40000)
  from space 1600K,  76% used [0x24dd0000, 0x24f03a28, 0x24f60000)
  to   space 1600K,   0% used [0x24c40000, 0x24c40000, 0x24dd0000)
 tenured generation   total 59992K, used 59716K [0x294b0000, 0x2cf46000, 0x33f60000)
   the space 59992K,  99% used [0x294b0000, 0x2cf013d0, 0x2cf01400, 0x2cf46000)
 compacting perm gen  total 12288K, used 3787K [0x33f60000, 0x34b60000, 0x37f60000)
   the space 12288K,  30% used [0x33f60000, 0x34312d60, 0x34312e00, 0x34b60000)
    ro space 10240K,  45% used [0x37f60000, 0x383e7290, 0x383e7400, 0x38960000)
    rw space 12288K,  54% used [0x38960000, 0x38feace8, 0x38feae00, 0x39560000)
}
Event: 2.226 GC heap before
{Heap before GC invocations=8 (full 2):
 def new generation   total 14784K, used 12825K [0x23f60000, 0x24f60000, 0x294b0000)
  eden space 13184K,  87% used [0x23f60000, 0x24ab2c68, 0x24c40000)
  from space 1600K,  76% used [0x24dd0000, 0x24f03a28, 0x24f60000)
  to   space 1600K,   0% used [0x24c40000, 0x24c40000, 0x24dd0000)
 tenured generation   total 59992K, used 59716K [0x294b0000, 0x2cf46000, 0x33f60000)
   the space 59992K,  99% used [0x294b0000, 0x2cf013d0, 0x2cf01400, 0x2cf46000)
 compacting perm gen  total 12288K, used 3788K [0x33f60000, 0x34b60000, 0x37f60000)
   the space 12288K,  30% used [0x33f60000, 0x34313398, 0x34313400, 0x34b60000)
    ro space 10240K,  45% used [0x37f60000, 0x383e7290, 0x383e7400, 0x38960000)
    rw space 12288K,  54% used [0x38960000, 0x38feace8, 0x38feae00, 0x39560000)
Event: 2.265 GC heap after
Heap after GC invocations=9 (full 3):
 def new generation   total 27328K, used 0K [0x23f60000, 0x25d00000, 0x294b0000)
  eden space 24320K,   0% used [0x23f60000, 0x23f60000, 0x25720000)
  from space 3008K,   0% used [0x25720000, 0x25720000, 0x25a10000)
  to   space 3008K,   0% used [0x25a10000, 0x25a10000, 0x25d00000)
 tenured generation   total 60608K, used 36362K [0x294b0000, 0x2cfe0000, 0x33f60000)
   the space 60608K,  59% used [0x294b0000, 0x2b832bf8, 0x2b832c00, 0x2cfe0000)
 compacting perm gen  total 12288K, used 3788K [0x33f60000, 0x34b60000, 0x37f60000)
   the space 12288K,  30% used [0x33f60000, 0x34313398, 0x34313400, 0x34b60000)
    ro space 10240K,  45% used [0x37f60000, 0x383e7290, 0x383e7400, 0x38960000)
    rw space 12288K,  54% used [0x38960000, 0x38feace8, 0x38feae00, 0x39560000)
}
Event: 3.575 GC heap before
{Heap before GC invocations=9 (full 3):
 def new generation   total 27328K, used 24320K [0x23f60000, 0x25d00000, 0x294b0000)
  eden space 24320K, 100% used [0x23f60000, 0x25720000, 0x25720000)
  from space 3008K,   0% used [0x25720000, 0x25720000, 0x25a10000)
  to   space 3008K,   0% used [0x25a10000, 0x25a10000, 0x25d00000)
 tenured generation   total 60608K, used 36362K [0x294b0000, 0x2cfe0000, 0x33f60000)
   the space 60608K,  59% used [0x294b0000, 0x2b832bf8, 0x2b832c00, 0x2cfe0000)
 compacting perm gen  total 12288K, used 3815K [0x33f60000, 0x34b60000, 0x37f60000)
   the space 12288K,  31% used [0x33f60000, 0x34319df0, 0x34319e00, 0x34b60000)
    ro space 10240K,  45% used [0x37f60000, 0x383e7290, 0x383e7400, 0x38960000)
    rw space 12288K,  54% used [0x38960000, 0x38feace8, 0x38feae00, 0x39560000)
Event: 3.585 GC heap after
Heap after GC invocations=10 (full 3):
 def new generation   total 27328K, used 591K [0x23f60000, 0x25d00000, 0x294b0000)
  eden space 24320K,   0% used [0x23f60000, 0x23f60000, 0x25720000)
  from space 3008K,  19% used [0x25a10000, 0x25aa3e58, 0x25d00000)
  to   space 3008K,   0% used [0x25720000, 0x25720000, 0x25a10000)
 tenured generation   total 60608K, used 51001K [0x294b0000, 0x2cfe0000, 0x33f60000)
   the space 60608K,  84% used [0x294b0000, 0x2c67e488, 0x2c67e600, 0x2cfe0000)
 compacting perm gen  total 12288K, used 3815K [0x33f60000, 0x34b60000, 0x37f60000)
   the space 12288K,  31% used [0x33f60000, 0x34319df0, 0x34319e00, 0x34b60000)
    ro space 10240K,  45% used [0x37f60000, 0x383e7290, 0x383e7400, 0x38960000)
    rw space 12288K,  54% used [0x38960000, 0x38feace8, 0x38feae00, 0x39560000)
}

