# JRE version: 7.0_15-b03
# Java VM: Java HotSpot(TM) Client VM (23.7-b01 mixed mode, sharing windows-x86 )
Heap
 def new generation   total 27392K, used 6595K [0x23f60000, 0x25d10000, 0x294b0000)
  eden space 24384K,  24% used [0x23f60000, 0x2453cdc0, 0x25730000)
  from space 3008K,  19% used [0x25a20000, 0x25ab4040, 0x25d10000)
  to   space 3008K,   0% used [0x25730000, 0x25730000, 0x25a20000)
 tenured generation   total 60632K, used 51016K [0x294b0000, 0x2cfe6000, 0x33f60000)
   the space 60632K,  84% used [0x294b0000, 0x2c682240, 0x2c682400, 0x2cfe6000)
 compacting perm gen  total 12288K, used 4623K [0x33f60000, 0x34b60000, 0x37f60000)
   the space 12288K,  37% used [0x33f60000, 0x343e3f88, 0x343e4000, 0x34b60000)
    ro space 10240K,  45% used [0x37f60000, 0x383e7290, 0x383e7400, 0x38960000)
    rw space 12288K,  54% used [0x38960000, 0x38feace8, 0x38feae00, 0x39560000)
GC Heap History (10 events):
Event: 3.097 GC heap before
{Heap before GC invocations=5 (full 2):
 def new generation   total 14848K, used 13248K [0x23f60000, 0x24f70000, 0x294b0000)
  eden space 13248K, 100% used [0x23f60000, 0x24c50000, 0x24c50000)
  from space 1600K,   0% used [0x24c50000, 0x24c50000, 0x24de0000)
  to   space 1600K,   0% used [0x24de0000, 0x24de0000, 0x24f70000)
 tenured generation   total 32744K, used 19644K [0x294b0000, 0x2b4aa000, 0x33f60000)
   the space 32744K,  59% used [0x294b0000, 0x2a7df3c8, 0x2a7df400, 0x2b4aa000)
 compacting perm gen  total 12288K, used 3771K [0x33f60000, 0x34b60000, 0x37f60000)
   the space 12288K,  30% used [0x33f60000, 0x3430ef18, 0x3430f000, 0x34b60000)
    ro space 10240K,  45% used [0x37f60000, 0x383e7290, 0x383e7400, 0x38960000)
    rw space 12288K,  54% used [0x38960000, 0x38feace8, 0x38feae00, 0x39560000)
Event: 3.110 GC heap after
Heap after GC invocations=6 (full 2):
 def new generation   total 14848K, used 6K [0x23f60000, 0x24f70000, 0x294b0000)
  eden space 13248K,   0% used [0x23f60000, 0x23f60000, 0x24c50000)
  from space 1600K,   0% used [0x24de0000, 0x24de1858, 0x24f70000)
  to   space 1600K,   0% used [0x24c50000, 0x24c50000, 0x24de0000)
 tenured generation   total 32744K, used 30664K [0x294b0000, 0x2b4aa000, 0x33f60000)
   the space 32744K,  93% used [0x294b0000, 0x2b2a22c8, 0x2b2a2400, 0x2b4aa000)
 compacting perm gen  total 12288K, used 3771K [0x33f60000, 0x34b60000, 0x37f60000)
   the space 12288K,  30% used [0x33f60000, 0x3430ef18, 0x3430f000, 0x34b60000)
    ro space 10240K,  45% used [0x37f60000, 0x383e7290, 0x383e7400, 0x38960000)
    rw space 12288K,  54% used [0x38960000, 0x38feace8, 0x38feae00, 0x39560000)
}
Event: 3.287 GC heap before
{Heap before GC invocations=6 (full 2):
 def new generation   total 14848K, used 12059K [0x23f60000, 0x24f70000, 0x294b0000)
  eden space 13248K,  90% used [0x23f60000, 0x24b25638, 0x24c50000)
  from space 1600K,   0% used [0x24de0000, 0x24de1858, 0x24f70000)
  to   space 1600K,   0% used [0x24c50000, 0x24c50000, 0x24de0000)
 tenured generation   total 47304K, used 45221K [0x294b0000, 0x2c2e2000, 0x33f60000)
   the space 47304K,  95% used [0x294b0000, 0x2c0d96b0, 0x2c0d9800, 0x2c2e2000)
 compacting perm gen  total 12288K, used 3791K [0x33f60000, 0x34b60000, 0x37f60000)
   the space 12288K,  30% used [0x33f60000, 0x34313db8, 0x34313e00, 0x34b60000)
    ro space 10240K,  45% used [0x37f60000, 0x383e7290, 0x383e7400, 0x38960000)
    rw space 12288K,  54% used [0x38960000, 0x38feace8, 0x38feae00, 0x39560000)
Event: 3.291 GC heap after
Heap after GC invocations=7 (full 2):
 def new generation   total 14848K, used 634K [0x23f60000, 0x24f70000, 0x294b0000)
  eden space 13248K,   0% used [0x23f60000, 0x23f60000, 0x24c50000)
  from space 1600K,  39% used [0x24c50000, 0x24cee9b8, 0x24de0000)
  to   space 1600K,   0% used [0x24de0000, 0x24de0000, 0x24f70000)
 tenured generation   total 47304K, used 47020K [0x294b0000, 0x2c2e2000, 0x33f60000)
   the space 47304K,  99% used [0x294b0000, 0x2c29b050, 0x2c29b200, 0x2c2e2000)
 compacting perm gen  total 12288K, used 3791K [0x33f60000, 0x34b60000, 0x37f60000)
   the space 12288K,  30% used [0x33f60000, 0x34313db8, 0x34313e00, 0x34b60000)
    ro space 10240K,  45% used [0x37f60000, 0x383e7290, 0x383e7400, 0x38960000)
    rw space 12288K,  54% used [0x38960000, 0x38feace8, 0x38feae00, 0x39560000)
}
Event: 3.311 GC heap before
{Heap before GC invocations=7 (full 2):
 def new generation   total 14848K, used 3442K [0x23f60000, 0x24f70000, 0x294b0000)
  eden space 13248K,  21% used [0x23f60000, 0x2421e130, 0x24c50000)
  from space 1600K,  39% used [0x24c50000, 0x24cee9b8, 0x24de0000)
  to   space 1600K,   0% used [0x24de0000, 0x24de0000, 0x24f70000)
 tenured generation   total 58224K, used 57937K [0x294b0000, 0x2cd8c000, 0x33f60000)
   the space 58224K,  99% used [0x294b0000, 0x2cd44748, 0x2cd44800, 0x2cd8c000)
 compacting perm gen  total 12288K, used 3791K [0x33f60000, 0x34b60000, 0x37f60000)
   the space 12288K,  30% used [0x33f60000, 0x34313dd8, 0x34313e00, 0x34b60000)
    ro space 10240K,  45% used [0x37f60000, 0x383e7290, 0x383e7400, 0x38960000)
    rw space 12288K,  54% used [0x38960000, 0x38feace8, 0x38feae00, 0x39560000)
Event: 3.315 GC heap after
Heap after GC invocations=8 (full 2):
 def new generation   total 14848K, used 1230K [0x23f60000, 0x24f70000, 0x294b0000)
  eden space 13248K,   0% used [0x23f60000, 0x23f60000, 0x24c50000)
  from space 1600K,  76% used [0x24de0000, 0x24f139c8, 0x24f70000)
  to   space 1600K,   0% used [0x24c50000, 0x24c50000, 0x24de0000)
 tenured generation   total 60024K, used 59736K [0x294b0000, 0x2cf4e000, 0x33f60000)
   the space 60024K,  99% used [0x294b0000, 0x2cf060e8, 0x2cf06200, 0x2cf4e000)
 compacting perm gen  total 12288K, used 3791K [0x33f60000, 0x34b60000, 0x37f60000)
   the space 12288K,  30% used [0x33f60000, 0x34313dd8, 0x34313e00, 0x34b60000)
    ro space 10240K,  45% used [0x37f60000, 0x383e7290, 0x383e7400, 0x38960000)
    rw space 12288K,  54% used [0x38960000, 0x38feace8, 0x38feae00, 0x39560000)
}
Event: 3.465 GC heap before
{Heap before GC invocations=8 (full 2):
 def new generation   total 14848K, used 12964K [0x23f60000, 0x24f70000, 0x294b0000)
  eden space 13248K,  88% used [0x23f60000, 0x24ad59e0, 0x24c50000)
  from space 1600K,  76% used [0x24de0000, 0x24f139c8, 0x24f70000)
  to   space 1600K,   0% used [0x24c50000, 0x24c50000, 0x24de0000)
 tenured generation   total 60024K, used 59736K [0x294b0000, 0x2cf4e000, 0x33f60000)
   the space 60024K,  99% used [0x294b0000, 0x2cf060e8, 0x2cf06200, 0x2cf4e000)
 compacting perm gen  total 12288K, used 3794K [0x33f60000, 0x34b60000, 0x37f60000)
   the space 12288K,  30% used [0x33f60000, 0x34314908, 0x34314a00, 0x34b60000)
    ro space 10240K,  45% used [0x37f60000, 0x383e7290, 0x383e7400, 0x38960000)
    rw space 12288K,  54% used [0x38960000, 0x38feace8, 0x38feae00, 0x39560000)
Event: 3.509 GC heap after
Heap after GC invocations=9 (full 3):
 def new generation   total 27392K, used 0K [0x23f60000, 0x25d10000, 0x294b0000)
  eden space 24384K,   0% used [0x23f60000, 0x23f60000, 0x25730000)
  from space 3008K,   0% used [0x25730000, 0x25730000, 0x25a20000)
  to   space 3008K,   0% used [0x25a20000, 0x25a20000, 0x25d10000)
 tenured generation   total 60632K, used 36378K [0x294b0000, 0x2cfe6000, 0x33f60000)
   the space 60632K,  59% used [0x294b0000, 0x2b8369b0, 0x2b836a00, 0x2cfe6000)
 compacting perm gen  total 12288K, used 3794K [0x33f60000, 0x34b60000, 0x37f60000)
   the space 12288K,  30% used [0x33f60000, 0x34314908, 0x34314a00, 0x34b60000)
    ro space 10240K,  45% used [0x37f60000, 0x383e7290, 0x383e7400, 0x38960000)
    rw space 12288K,  54% used [0x38960000, 0x38feace8, 0x38feae00, 0x39560000)
}
Event: 8.411 GC heap before
{Heap before GC invocations=9 (full 3):
 def new generation   total 27392K, used 24384K [0x23f60000, 0x25d10000, 0x294b0000)
  eden space 24384K, 100% used [0x23f60000, 0x25730000, 0x25730000)
  from space 3008K,   0% used [0x25730000, 0x25730000, 0x25a20000)
  to   space 3008K,   0% used [0x25a20000, 0x25a20000, 0x25d10000)
 tenured generation   total 60632K, used 36378K [0x294b0000, 0x2cfe6000, 0x33f60000)
   the space 60632K,  59% used [0x294b0000, 0x2b8369b0, 0x2b836a00, 0x2cfe6000)
 compacting perm gen  total 12288K, used 3820K [0x33f60000, 0x34b60000, 0x37f60000)
   the space 12288K,  31% used [0x33f60000, 0x3431b350, 0x3431b400, 0x34b60000)
    ro space 10240K,  45% used [0x37f60000, 0x383e7290, 0x383e7400, 0x38960000)
    rw space 12288K,  54% used [0x38960000, 0x38feace8, 0x38feae00, 0x39560000)
Event: 8.423 GC heap after
Heap after GC invocations=10 (full 3):
 def new generation   total 27392K, used 592K [0x23f60000, 0x25d10000, 0x294b0000)
  eden space 24384K,   0% used [0x23f60000, 0x23f60000, 0x25730000)
  from space 3008K,  19% used [0x25a20000, 0x25ab4040, 0x25d10000)
  to   space 3008K,   0% used [0x25730000, 0x25730000, 0x25a20000)
 tenured generation   total 60632K, used 51016K [0x294b0000, 0x2cfe6000, 0x33f60000)
   the space 60632K,  84% used [0x294b0000, 0x2c682240, 0x2c682400, 0x2cfe6000)
 compacting perm gen  total 12288K, used 3820K [0x33f60000, 0x34b60000, 0x37f60000)
   the space 12288K,  31% used [0x33f60000, 0x3431b350, 0x3431b400, 0x34b60000)
    ro space 10240K,  45% used [0x37f60000, 0x383e7290, 0x383e7400, 0x38960000)
    rw space 12288K,  54% used [0x38960000, 0x38feace8, 0x38feae00, 0x39560000)
}

